[ 2017-07-18T20:10:03+08:00 ] 127.0.0.1 /month5/day6/thinkphp_3.2.3_full/
INFO: [ app_init ] --START--
INFO: Run Behavior\BuildLiteBehavior [ RunTime:0.000014s ]
INFO: [ app_init ] --END-- [ RunTime:0.000422s ]
INFO: [ app_begin ] --START--
INFO: Run Behavior\ReadHtmlCacheBehavior [ RunTime:0.000621s ]
INFO: [ app_begin ] --END-- [ RunTime:0.000675s ]
SQL: SHOW COLUMNS FROM `priviller` [ RunTime:0.0092s ]
SQL: SELECT * FROM `priviller`  [ RunTime:0.0005s ]
INFO: [ view_parse ] --START--
INFO: [ template_filter ] --START--
INFO: Run Behavior\ContentReplaceBehavior [ RunTime:0.000040s ]
INFO: [ template_filter ] --END-- [ RunTime:0.000098s ]
INFO: Run Behavior\ParseTemplateBehavior [ RunTime:0.008079s ]
INFO: [ view_parse ] --END-- [ RunTime:0.008153s ]
INFO: [ view_filter ] --START--
INFO: Run Behavior\WriteHtmlCacheBehavior [ RunTime:0.000425s ]
INFO: [ view_filter ] --END-- [ RunTime:0.000469s ]
INFO: [ app_end ] --START--
INFO: Run Behavior\ShowPageTraceBehavior [ RunTime:0.000656s ]
INFO: [ app_end ] --END-- [ RunTime:0.000704s ]

[ 2017-07-18T20:10:55+08:00 ] 127.0.0.1 /month5/day6/thinkphp_3.2.3_full/index.php/Home/Index/add
INFO: [ app_init ] --START--
INFO: Run Behavior\BuildLiteBehavior [ RunTime:0.000020s ]
INFO: [ app_init ] --END-- [ RunTime:0.000521s ]
INFO: [ app_begin ] --START--
INFO: Run Behavior\ReadHtmlCacheBehavior [ RunTime:0.000759s ]
INFO: [ app_begin ] --END-- [ RunTime:0.000841s ]
SQL: SHOW COLUMNS FROM `role` [ RunTime:0.0103s ]
SQL: SELECT * FROM `role`  [ RunTime:0.0004s ]
INFO: [ view_parse ] --START--
INFO: [ template_filter ] --START--
INFO: Run Behavior\ContentReplaceBehavior [ RunTime:0.000042s ]
INFO: [ template_filter ] --END-- [ RunTime:0.000095s ]
INFO: Run Behavior\ParseTemplateBehavior [ RunTime:0.005578s ]
INFO: [ view_parse ] --END-- [ RunTime:0.005641s ]
INFO: [ view_filter ] --START--
INFO: Run Behavior\WriteHtmlCacheBehavior [ RunTime:0.000265s ]
INFO: [ view_filter ] --END-- [ RunTime:0.000307s ]
INFO: [ app_end ] --START--
INFO: Run Behavior\ShowPageTraceBehavior [ RunTime:0.000577s ]
INFO: [ app_end ] --END-- [ RunTime:0.000641s ]

[ 2017-07-18T20:11:37+08:00 ] 127.0.0.1 /month5/day6/thinkphp_3.2.3_full/index.php/Home/Index/add_do
INFO: [ app_init ] --START--
INFO: Run Behavior\BuildLiteBehavior [ RunTime:0.000012s ]
INFO: [ app_init ] --END-- [ RunTime:0.000326s ]
INFO: [ app_begin ] --START--
INFO: Run Behavior\ReadHtmlCacheBehavior [ RunTime:0.000546s ]
INFO: [ app_begin ] --END-- [ RunTime:0.000620s ]
SQL: SHOW COLUMNS FROM `priviller` [ RunTime:0.0159s ]
SQL: INSERT INTO `priviller` (`p_name`,`p_kongzhi`,`p_fangfa`) VALUES ('题库管理','Index','add') [ RunTime:0.0978s ]
INFO: [ view_parse ] --START--
INFO: [ template_filter ] --START--
INFO: Run Behavior\ContentReplaceBehavior [ RunTime:0.000043s ]
INFO: [ template_filter ] --END-- [ RunTime:0.000097s ]
INFO: Run Behavior\ParseTemplateBehavior [ RunTime:0.022225s ]
INFO: [ view_parse ] --END-- [ RunTime:0.022301s ]
INFO: [ view_filter ] --START--
INFO: Run Behavior\WriteHtmlCacheBehavior [ RunTime:0.000276s ]
INFO: [ view_filter ] --END-- [ RunTime:0.000318s ]
INFO: [ app_end ] --START--
INFO: Run Behavior\ShowPageTraceBehavior [ RunTime:0.000428s ]
INFO: [ app_end ] --END-- [ RunTime:0.000495s ]

[ 2017-07-18T20:11:38+08:00 ] 127.0.0.1 /month5/day6/thinkphp_3.2.3_full/index.php/Home/Index/index
INFO: [ app_init ] --START--
INFO: Run Behavior\BuildLiteBehavior [ RunTime:0.000014s ]
INFO: [ app_init ] --END-- [ RunTime:0.000326s ]
INFO: [ app_begin ] --START--
INFO: Run Behavior\ReadHtmlCacheBehavior [ RunTime:0.000422s ]
INFO: [ app_begin ] --END-- [ RunTime:0.000474s ]
SQL: SHOW COLUMNS FROM `priviller` [ RunTime:0.1046s ]
SQL: SELECT * FROM `priviller`  [ RunTime:0.0005s ]
INFO: [ view_parse ] --START--
INFO: [ template_filter ] --START--
INFO: Run Behavior\ContentReplaceBehavior [ RunTime:0.000040s ]
INFO: [ template_filter ] --END-- [ RunTime:0.000093s ]
INFO: Run Behavior\ParseTemplateBehavior [ RunTime:0.005664s ]
INFO: [ view_parse ] --END-- [ RunTime:0.005722s ]
INFO: [ view_filter ] --START--
INFO: Run Behavior\WriteHtmlCacheBehavior [ RunTime:0.000233s ]
INFO: [ view_filter ] --END-- [ RunTime:0.000274s ]
INFO: [ app_end ] --START--
INFO: Run Behavior\ShowPageTraceBehavior [ RunTime:0.000417s ]
INFO: [ app_end ] --END-- [ RunTime:0.000462s ]

[ 2017-07-18T20:12:26+08:00 ] 127.0.0.1 /month5/day6/thinkphp_3.2.3_full/index.php/Home/Index/add_do
INFO: [ app_init ] --START--
INFO: Run Behavior\BuildLiteBehavior [ RunTime:0.000022s ]
INFO: [ app_init ] --END-- [ RunTime:0.000774s ]
INFO: [ app_begin ] --START--
INFO: Run Behavior\ReadHtmlCacheBehavior [ RunTime:0.000951s ]
INFO: [ app_begin ] --END-- [ RunTime:0.001044s ]
SQL: SHOW COLUMNS FROM `priviller` [ RunTime:0.0339s ]
SQL: INSERT INTO `priviller` (`p_name`,`p_kongzhi`,`p_fangfa`) VALUES ('添加考题','Index','add') [ RunTime:0.0754s ]
INFO: [ view_parse ] --START--
INFO: [ template_filter ] --START--
INFO: Run Behavior\ContentReplaceBehavior [ RunTime:0.000042s ]
INFO: [ template_filter ] --END-- [ RunTime:0.000093s ]
INFO: Run Behavior\ParseTemplateBehavior [ RunTime:0.005397s ]
INFO: [ view_parse ] --END-- [ RunTime:0.005454s ]
INFO: [ view_filter ] --START--
INFO: Run Behavior\WriteHtmlCacheBehavior [ RunTime:0.000386s ]
INFO: [ view_filter ] --END-- [ RunTime:0.000430s ]
INFO: [ app_end ] --START--
INFO: Run Behavior\ShowPageTraceBehavior [ RunTime:0.000559s ]
INFO: [ app_end ] --END-- [ RunTime:0.000606s ]

[ 2017-07-18T20:12:27+08:00 ] 127.0.0.1 /month5/day6/thinkphp_3.2.3_full/index.php/Home/Index/index
INFO: [ app_init ] --START--
INFO: Run Behavior\BuildLiteBehavior [ RunTime:0.000012s ]
INFO: [ app_init ] --END-- [ RunTime:0.000310s ]
INFO: [ app_begin ] --START--
INFO: Run Behavior\ReadHtmlCacheBehavior [ RunTime:0.000411s ]
INFO: [ app_begin ] --END-- [ RunTime:0.000474s ]
SQL: SHOW COLUMNS FROM `priviller` [ RunTime:0.1618s ]
SQL: SELECT * FROM `priviller`  [ RunTime:0.0005s ]
INFO: [ view_parse ] --START--
INFO: [ template_filter ] --START--
INFO: Run Behavior\ContentReplaceBehavior [ RunTime:0.000041s ]
INFO: [ template_filter ] --END-- [ RunTime:0.000094s ]
INFO: Run Behavior\ParseTemplateBehavior [ RunTime:0.006073s ]
INFO: [ view_parse ] --END-- [ RunTime:0.006135s ]
INFO: [ view_filter ] --START--
INFO: Run Behavior\WriteHtmlCacheBehavior [ RunTime:0.000232s ]
INFO: [ view_filter ] --END-- [ RunTime:0.000275s ]
INFO: [ app_end ] --START--
INFO: Run Behavior\ShowPageTraceBehavior [ RunTime:0.000447s ]
INFO: [ app_end ] --END-- [ RunTime:0.000492s ]

[ 2017-07-18T20:12:35+08:00 ] 127.0.0.1 /month5/day6/thinkphp_3.2.3_full/index.php/Home/Index/add_do
INFO: [ app_init ] --START--
INFO: Run Behavior\BuildLiteBehavior [ RunTime:0.000013s ]
INFO: [ app_init ] --END-- [ RunTime:0.000337s ]
INFO: [ app_begin ] --START--
INFO: Run Behavior\ReadHtmlCacheBehavior [ RunTime:0.000473s ]
INFO: [ app_begin ] --END-- [ RunTime:0.000528s ]
SQL: SHOW COLUMNS FROM `priviller` [ RunTime:0.0096s ]
SQL: INSERT INTO `priviller` (`p_name`,`p_kongzhi`,`p_fangfa`) VALUES ('修改考题','Index','add') [ RunTime:0.0998s ]
INFO: [ view_parse ] --START--
INFO: [ template_filter ] --START--
INFO: Run Behavior\ContentReplaceBehavior [ RunTime:0.000043s ]
INFO: [ template_filter ] --END-- [ RunTime:0.000093s ]
INFO: Run Behavior\ParseTemplateBehavior [ RunTime:0.004871s ]
INFO: [ view_parse ] --END-- [ RunTime:0.004957s ]
INFO: [ view_filter ] --START--
INFO: Run Behavior\WriteHtmlCacheBehavior [ RunTime:0.000393s ]
INFO: [ view_filter ] --END-- [ RunTime:0.000459s ]
INFO: [ app_end ] --START--
INFO: Run Behavior\ShowPageTraceBehavior [ RunTime:0.000473s ]
INFO: [ app_end ] --END-- [ RunTime:0.000520s ]

[ 2017-07-18T20:12:36+08:00 ] 127.0.0.1 /month5/day6/thinkphp_3.2.3_full/index.php/Home/Index/index
INFO: [ app_init ] --START--
INFO: Run Behavior\BuildLiteBehavior [ RunTime:0.000013s ]
INFO: [ app_init ] --END-- [ RunTime:0.000347s ]
INFO: [ app_begin ] --START--
INFO: Run Behavior\ReadHtmlCacheBehavior [ RunTime:0.000449s ]
INFO: [ app_begin ] --END-- [ RunTime:0.000501s ]
SQL: SHOW COLUMNS FROM `priviller` [ RunTime:0.1136s ]
SQL: SELECT * FROM `priviller`  [ RunTime:0.0006s ]
INFO: [ view_parse ] --START--
INFO: [ template_filter ] --START--
INFO: Run Behavior\ContentReplaceBehavior [ RunTime:0.000040s ]
INFO: [ template_filter ] --END-- [ RunTime:0.000095s ]
INFO: Run Behavior\ParseTemplateBehavior [ RunTime:0.005670s ]
INFO: [ view_parse ] --END-- [ RunTime:0.005750s ]
INFO: [ view_filter ] --START--
INFO: Run Behavior\WriteHtmlCacheBehavior [ RunTime:0.000233s ]
INFO: [ view_filter ] --END-- [ RunTime:0.000274s ]
INFO: [ app_end ] --START--
INFO: Run Behavior\ShowPageTraceBehavior [ RunTime:0.000414s ]
INFO: [ app_end ] --END-- [ RunTime:0.000460s ]

[ 2017-07-18T20:12:44+08:00 ] 127.0.0.1 /month5/day6/thinkphp_3.2.3_full/index.php/Home/Index/add_do
INFO: [ app_init ] --START--
INFO: Run Behavior\BuildLiteBehavior [ RunTime:0.000012s ]
INFO: [ app_init ] --END-- [ RunTime:0.000308s ]
INFO: [ app_begin ] --START--
INFO: Run Behavior\ReadHtmlCacheBehavior [ RunTime:0.000429s ]
INFO: [ app_begin ] --END-- [ RunTime:0.000483s ]
SQL: SHOW COLUMNS FROM `priviller` [ RunTime:0.1666s ]
SQL: INSERT INTO `priviller` (`p_name`,`p_kongzhi`,`p_fangfa`) VALUES ('查看考题','Index','add') [ RunTime:0.0978s ]
INFO: [ view_parse ] --START--
INFO: [ template_filter ] --START--
INFO: Run Behavior\ContentReplaceBehavior [ RunTime:0.000045s ]
INFO: [ template_filter ] --END-- [ RunTime:0.000106s ]
INFO: Run Behavior\ParseTemplateBehavior [ RunTime:0.005715s ]
INFO: [ view_parse ] --END-- [ RunTime:0.005786s ]
INFO: [ view_filter ] --START--
INFO: Run Behavior\WriteHtmlCacheBehavior [ RunTime:0.000251s ]
INFO: [ view_filter ] --END-- [ RunTime:0.000295s ]
INFO: [ app_end ] --START--
INFO: Run Behavior\ShowPageTraceBehavior [ RunTime:0.000570s ]
INFO: [ app_end ] --END-- [ RunTime:0.000624s ]

[ 2017-07-18T20:12:45+08:00 ] 127.0.0.1 /month5/day6/thinkphp_3.2.3_full/index.php/Home/Index/index
INFO: [ app_init ] --START--
INFO: Run Behavior\BuildLiteBehavior [ RunTime:0.000014s ]
INFO: [ app_init ] --END-- [ RunTime:0.000368s ]
INFO: [ app_begin ] --START--
INFO: Run Behavior\ReadHtmlCacheBehavior [ RunTime:0.000410s ]
INFO: [ app_begin ] --END-- [ RunTime:0.000459s ]
SQL: SHOW COLUMNS FROM `priviller` [ RunTime:0.0958s ]
SQL: SELECT * FROM `priviller`  [ RunTime:0.0005s ]
INFO: [ view_parse ] --START--
INFO: [ template_filter ] --START--
INFO: Run Behavior\ContentReplaceBehavior [ RunTime:0.000040s ]
INFO: [ template_filter ] --END-- [ RunTime:0.000093s ]
INFO: Run Behavior\ParseTemplateBehavior [ RunTime:0.005808s ]
INFO: [ view_parse ] --END-- [ RunTime:0.005868s ]
INFO: [ view_filter ] --START--
INFO: Run Behavior\WriteHtmlCacheBehavior [ RunTime:0.000257s ]
INFO: [ view_filter ] --END-- [ RunTime:0.000311s ]
INFO: [ app_end ] --START--
INFO: Run Behavior\ShowPageTraceBehavior [ RunTime:0.000419s ]
INFO: [ app_end ] --END-- [ RunTime:0.000464s ]

[ 2017-07-18T20:13:03+08:00 ] 127.0.0.1 /month5/day6/thinkphp_3.2.3_full/
INFO: [ app_init ] --START--
INFO: Run Behavior\BuildLiteBehavior [ RunTime:0.000013s ]
INFO: [ app_init ] --END-- [ RunTime:0.000331s ]
INFO: [ app_begin ] --START--
INFO: Run Behavior\ReadHtmlCacheBehavior [ RunTime:0.000436s ]
INFO: [ app_begin ] --END-- [ RunTime:0.000488s ]
SQL: SHOW COLUMNS FROM `priviller` [ RunTime:0.0089s ]
SQL: SELECT * FROM `priviller`  [ RunTime:0.0005s ]
INFO: [ view_parse ] --START--
INFO: [ template_filter ] --START--
INFO: Run Behavior\ContentReplaceBehavior [ RunTime:0.000060s ]
INFO: [ template_filter ] --END-- [ RunTime:0.000121s ]
INFO: Run Behavior\ParseTemplateBehavior [ RunTime:0.005730s ]
INFO: [ view_parse ] --END-- [ RunTime:0.005850s ]
INFO: [ view_filter ] --START--
INFO: Run Behavior\WriteHtmlCacheBehavior [ RunTime:0.000454s ]
INFO: [ view_filter ] --END-- [ RunTime:0.000530s ]
INFO: [ app_end ] --START--
INFO: Run Behavior\ShowPageTraceBehavior [ RunTime:0.000799s ]
INFO: [ app_end ] --END-- [ RunTime:0.000875s ]

[ 2017-07-18T20:16:00+08:00 ] 127.0.0.1 /month5/day6/thinkphp_3.2.3_full/
INFO: [ app_init ] --START--
INFO: Run Behavior\BuildLiteBehavior [ RunTime:0.000013s ]
INFO: [ app_init ] --END-- [ RunTime:0.000365s ]
INFO: [ app_begin ] --START--
INFO: Run Behavior\ReadHtmlCacheBehavior [ RunTime:0.000576s ]
INFO: [ app_begin ] --END-- [ RunTime:0.000630s ]
SQL: SHOW COLUMNS FROM `priviller` [ RunTime:0.0086s ]
SQL: SELECT * FROM `priviller`  [ RunTime:0.0004s ]
INFO: [ view_parse ] --START--
INFO: [ template_filter ] --START--
INFO: Run Behavior\ContentReplaceBehavior [ RunTime:0.000039s ]
INFO: [ template_filter ] --END-- [ RunTime:0.000095s ]
INFO: Run Behavior\ParseTemplateBehavior [ RunTime:0.007954s ]
INFO: [ view_parse ] --END-- [ RunTime:0.008025s ]
INFO: [ view_filter ] --START--
INFO: Run Behavior\WriteHtmlCacheBehavior [ RunTime:0.000362s ]
INFO: [ view_filter ] --END-- [ RunTime:0.000404s ]
INFO: [ app_end ] --START--
INFO: Run Behavior\ShowPageTraceBehavior [ RunTime:0.000538s ]
INFO: [ app_end ] --END-- [ RunTime:0.000585s ]

[ 2017-07-18T20:20:36+08:00 ] 127.0.0.1 /month5/day6/thinkphp_3.2.3_full/
INFO: [ app_init ] --START--
INFO: Run Behavior\BuildLiteBehavior [ RunTime:0.000014s ]
INFO: [ app_init ] --END-- [ RunTime:0.000442s ]
INFO: [ app_begin ] --START--
INFO: Run Behavior\ReadHtmlCacheBehavior [ RunTime:0.000569s ]
INFO: [ app_begin ] --END-- [ RunTime:0.000621s ]
SQL: SHOW COLUMNS FROM `priviller` [ RunTime:0.1431s ]
SQL: SELECT * FROM `priviller`  [ RunTime:0.0006s ]
NOTIC: [2] Missing argument 3 for Home\Controller\IndexController::getList(), called in E:\xiaoyu\month5\day6\thinkphp_3.2.3_full\Application\Home\Controller\IndexController.class.php on line 8 and defined E:\xiaoyu\month5\day6\thinkphp_3.2.3_full\Application\Home\Controller\IndexController.class.php 第 15 行.

[ 2017-07-18T20:20:56+08:00 ] 127.0.0.1 /month5/day6/thinkphp_3.2.3_full/
INFO: [ app_init ] --START--
INFO: Run Behavior\BuildLiteBehavior [ RunTime:0.000019s ]
INFO: [ app_init ] --END-- [ RunTime:0.000380s ]
INFO: [ app_begin ] --START--
INFO: Run Behavior\ReadHtmlCacheBehavior [ RunTime:0.000756s ]
INFO: [ app_begin ] --END-- [ RunTime:0.000833s ]
SQL: SHOW COLUMNS FROM `priviller` [ RunTime:0.0099s ]
SQL: SELECT * FROM `priviller`  [ RunTime:0.0005s ]
NOTIC: [2] Missing argument 3 for Home\Controller\IndexController::getList(), called in E:\xiaoyu\month5\day6\thinkphp_3.2.3_full\Application\Home\Controller\IndexController.class.php on line 8 and defined E:\xiaoyu\month5\day6\thinkphp_3.2.3_full\Application\Home\Controller\IndexController.class.php 第 15 行.

[ 2017-07-18T20:21:03+08:00 ] 127.0.0.1 /month5/day6/thinkphp_3.2.3_full/
INFO: [ app_init ] --START--
INFO: Run Behavior\BuildLiteBehavior [ RunTime:0.000012s ]
INFO: [ app_init ] --END-- [ RunTime:0.000307s ]
INFO: [ app_begin ] --START--
INFO: Run Behavior\ReadHtmlCacheBehavior [ RunTime:0.000540s ]
INFO: [ app_begin ] --END-- [ RunTime:0.000612s ]
SQL: SHOW COLUMNS FROM `priviller` [ RunTime:0.0104s ]
SQL: SELECT * FROM `priviller`  [ RunTime:0.0006s ]
NOTIC: [2] Missing argument 3 for Home\Controller\IndexController::getList(), called in E:\xiaoyu\month5\day6\thinkphp_3.2.3_full\Application\Home\Controller\IndexController.class.php on line 8 and defined E:\xiaoyu\month5\day6\thinkphp_3.2.3_full\Application\Home\Controller\IndexController.class.php 第 15 行.

[ 2017-07-18T20:21:23+08:00 ] 127.0.0.1 /month5/day6/thinkphp_3.2.3_full/index.php/Home/Index/add
INFO: [ app_init ] --START--
INFO: Run Behavior\BuildLiteBehavior [ RunTime:0.000012s ]
INFO: [ app_init ] --END-- [ RunTime:0.000306s ]
INFO: [ app_begin ] --START--
INFO: Run Behavior\ReadHtmlCacheBehavior [ RunTime:0.000414s ]
INFO: [ app_begin ] --END-- [ RunTime:0.000466s ]
SQL: SHOW COLUMNS FROM `role` [ RunTime:0.0094s ]
SQL: SELECT * FROM `role`  [ RunTime:0.0005s ]
INFO: [ view_parse ] --START--
INFO: [ template_filter ] --START--
INFO: Run Behavior\ContentReplaceBehavior [ RunTime:0.000067s ]
INFO: [ template_filter ] --END-- [ RunTime:0.000155s ]
INFO: Run Behavior\ParseTemplateBehavior [ RunTime:0.007743s ]
INFO: [ view_parse ] --END-- [ RunTime:0.007843s ]
INFO: [ view_filter ] --START--
INFO: Run Behavior\WriteHtmlCacheBehavior [ RunTime:0.000471s ]
INFO: [ view_filter ] --END-- [ RunTime:0.000578s ]
INFO: [ app_end ] --START--
INFO: Run Behavior\ShowPageTraceBehavior [ RunTime:0.000614s ]
INFO: [ app_end ] --END-- [ RunTime:0.000661s ]

[ 2017-07-18T20:22:03+08:00 ] 127.0.0.1 /month5/day6/thinkphp_3.2.3_full/index.php/Home/Index/add_do
INFO: [ app_init ] --START--
INFO: Run Behavior\BuildLiteBehavior [ RunTime:0.000023s ]
INFO: [ app_init ] --END-- [ RunTime:0.000331s ]
INFO: [ app_begin ] --START--
INFO: Run Behavior\ReadHtmlCacheBehavior [ RunTime:0.000585s ]
INFO: [ app_begin ] --END-- [ RunTime:0.000743s ]
SQL: SHOW COLUMNS FROM `priviller` [ RunTime:0.0101s ]
SQL: INSERT INTO `priviller` (`p_name`,`p_kongzhi`,`p_fangfa`) VALUES ('查看试题','Index','add_do') [ RunTime:0.0975s ]
INFO: [ view_parse ] --START--
INFO: [ template_filter ] --START--
INFO: Run Behavior\ContentReplaceBehavior [ RunTime:0.000042s ]
INFO: [ template_filter ] --END-- [ RunTime:0.000109s ]
INFO: Run Behavior\ParseTemplateBehavior [ RunTime:0.004976s ]
INFO: [ view_parse ] --END-- [ RunTime:0.005061s ]
INFO: [ view_filter ] --START--
INFO: Run Behavior\WriteHtmlCacheBehavior [ RunTime:0.000282s ]
INFO: [ view_filter ] --END-- [ RunTime:0.000341s ]
INFO: [ app_end ] --START--
INFO: Run Behavior\ShowPageTraceBehavior [ RunTime:0.000453s ]
INFO: [ app_end ] --END-- [ RunTime:0.000499s ]

[ 2017-07-18T20:22:04+08:00 ] 127.0.0.1 /month5/day6/thinkphp_3.2.3_full/index.php/Home/Index/index
INFO: [ app_init ] --START--
INFO: Run Behavior\BuildLiteBehavior [ RunTime:0.000012s ]
INFO: [ app_init ] --END-- [ RunTime:0.000347s ]
INFO: [ app_begin ] --START--
INFO: Run Behavior\ReadHtmlCacheBehavior [ RunTime:0.000429s ]
INFO: [ app_begin ] --END-- [ RunTime:0.000481s ]
SQL: SHOW COLUMNS FROM `priviller` [ RunTime:0.1211s ]
SQL: SELECT * FROM `priviller`  [ RunTime:0.0005s ]
NOTIC: [2] Missing argument 3 for Home\Controller\IndexController::getList(), called in E:\xiaoyu\month5\day6\thinkphp_3.2.3_full\Application\Home\Controller\IndexController.class.php on line 8 and defined E:\xiaoyu\month5\day6\thinkphp_3.2.3_full\Application\Home\Controller\IndexController.class.php 第 15 行.

[ 2017-07-18T20:32:10+08:00 ] 127.0.0.1 /month5/day6/thinkphp_3.2.3_full/index.php/Home/Index/index
INFO: [ app_init ] --START--
INFO: Run Behavior\BuildLiteBehavior [ RunTime:0.000013s ]
INFO: [ app_init ] --END-- [ RunTime:0.000401s ]
INFO: [ app_begin ] --START--
INFO: Run Behavior\ReadHtmlCacheBehavior [ RunTime:0.000597s ]
INFO: [ app_begin ] --END-- [ RunTime:0.000652s ]

[ 2017-07-18T20:36:07+08:00 ] 127.0.0.1 /month5/day6/thinkphp_3.2.3_full/index.php/Home/Index/index
INFO: [ app_init ] --START--
INFO: Run Behavior\BuildLiteBehavior [ RunTime:0.000017s ]
INFO: [ app_init ] --END-- [ RunTime:0.000471s ]
INFO: [ app_begin ] --START--
INFO: Run Behavior\ReadHtmlCacheBehavior [ RunTime:0.000596s ]
INFO: [ app_begin ] --END-- [ RunTime:0.000651s ]

[ 2017-07-18T20:39:55+08:00 ] 127.0.0.1 /month5/day6/thinkphp_3.2.3_full/index.php/Home/Index/index
INFO: [ app_init ] --START--
INFO: Run Behavior\BuildLiteBehavior [ RunTime:0.000013s ]
INFO: [ app_init ] --END-- [ RunTime:0.000415s ]
INFO: [ app_begin ] --START--
INFO: Run Behavior\ReadHtmlCacheBehavior [ RunTime:0.000716s ]
INFO: [ app_begin ] --END-- [ RunTime:0.000811s ]

[ 2017-07-18T20:39:55+08:00 ] 127.0.0.1 /month5/day6/thinkphp_3.2.3_full/index.php/Home/Index/index
INFO: [ app_init ] --START--
INFO: Run Behavior\BuildLiteBehavior [ RunTime:0.000012s ]
INFO: [ app_init ] --END-- [ RunTime:0.000312s ]
INFO: [ app_begin ] --START--
INFO: Run Behavior\ReadHtmlCacheBehavior [ RunTime:0.000456s ]
INFO: [ app_begin ] --END-- [ RunTime:0.000507s ]

[ 2017-07-18T20:39:55+08:00 ] 127.0.0.1 /month5/day6/thinkphp_3.2.3_full/index.php/Home/Index/index
INFO: [ app_init ] --START--
INFO: Run Behavior\BuildLiteBehavior [ RunTime:0.000016s ]
INFO: [ app_init ] --END-- [ RunTime:0.000522s ]
INFO: [ app_begin ] --START--
INFO: Run Behavior\ReadHtmlCacheBehavior [ RunTime:0.000651s ]
INFO: [ app_begin ] --END-- [ RunTime:0.000734s ]

[ 2017-07-18T20:39:56+08:00 ] 127.0.0.1 /month5/day6/thinkphp_3.2.3_full/index.php/Home/Index/index
INFO: [ app_init ] --START--
INFO: Run Behavior\BuildLiteBehavior [ RunTime:0.000012s ]
INFO: [ app_init ] --END-- [ RunTime:0.000312s ]
INFO: [ app_begin ] --START--
INFO: Run Behavior\ReadHtmlCacheBehavior [ RunTime:0.000419s ]
INFO: [ app_begin ] --END-- [ RunTime:0.000480s ]

[ 2017-07-18T20:55:26+08:00 ] 127.0.0.1 /month5/day6/thinkphp_3.2.3_full/index.php/Home/Index/index
INFO: [ app_init ] --START--
INFO: Run Behavior\BuildLiteBehavior [ RunTime:0.000014s ]
INFO: [ app_init ] --END-- [ RunTime:0.000395s ]
INFO: [ app_begin ] --START--
INFO: Run Behavior\ReadHtmlCacheBehavior [ RunTime:0.000604s ]
INFO: [ app_begin ] --END-- [ RunTime:0.000663s ]

[ 2017-07-18T20:55:49+08:00 ] 127.0.0.1 /month5/day6/thinkphp_3.2.3_full/index.php/Home/Index/index
INFO: [ app_init ] --START--
INFO: Run Behavior\BuildLiteBehavior [ RunTime:0.000012s ]
INFO: [ app_init ] --END-- [ RunTime:0.000340s ]
INFO: [ app_begin ] --START--
INFO: Run Behavior\ReadHtmlCacheBehavior [ RunTime:0.000431s ]
INFO: [ app_begin ] --END-- [ RunTime:0.000482s ]

[ 2017-07-18T20:55:49+08:00 ] 127.0.0.1 /month5/day6/thinkphp_3.2.3_full/index.php/Home/Index/index
INFO: [ app_init ] --START--
INFO: Run Behavior\BuildLiteBehavior [ RunTime:0.000020s ]
INFO: [ app_init ] --END-- [ RunTime:0.000474s ]
INFO: [ app_begin ] --START--
INFO: Run Behavior\ReadHtmlCacheBehavior [ RunTime:0.000681s ]
INFO: [ app_begin ] --END-- [ RunTime:0.000768s ]

[ 2017-07-18T20:55:50+08:00 ] 127.0.0.1 /month5/day6/thinkphp_3.2.3_full/index.php/Home/Index/index
INFO: [ app_init ] --START--
INFO: Run Behavior\BuildLiteBehavior [ RunTime:0.000012s ]
INFO: [ app_init ] --END-- [ RunTime:0.000334s ]
INFO: [ app_begin ] --START--
INFO: Run Behavior\ReadHtmlCacheBehavior [ RunTime:0.000430s ]
INFO: [ app_begin ] --END-- [ RunTime:0.000481s ]

[ 2017-07-18T20:55:50+08:00 ] 127.0.0.1 /month5/day6/thinkphp_3.2.3_full/index.php/Home/Index/index
INFO: [ app_init ] --START--
INFO: Run Behavior\BuildLiteBehavior [ RunTime:0.000013s ]
INFO: [ app_init ] --END-- [ RunTime:0.000324s ]
INFO: [ app_begin ] --START--
INFO: Run Behavior\ReadHtmlCacheBehavior [ RunTime:0.000513s ]
INFO: [ app_begin ] --END-- [ RunTime:0.000585s ]

[ 2017-07-18T20:57:05+08:00 ] 127.0.0.1 /month5/day6/thinkphp_3.2.3_full/index.php/Home/Index/index
INFO: [ app_init ] --START--
INFO: Run Behavior\BuildLiteBehavior [ RunTime:0.000014s ]
INFO: [ app_init ] --END-- [ RunTime:0.000334s ]
INFO: [ app_begin ] --START--
INFO: Run Behavior\ReadHtmlCacheBehavior [ RunTime:0.000414s ]
INFO: [ app_begin ] --END-- [ RunTime:0.000466s ]

[ 2017-07-18T20:57:06+08:00 ] 127.0.0.1 /month5/day6/thinkphp_3.2.3_full/index.php/Home/Index/index
INFO: [ app_init ] --START--
INFO: Run Behavior\BuildLiteBehavior [ RunTime:0.000012s ]
INFO: [ app_init ] --END-- [ RunTime:0.000312s ]
INFO: [ app_begin ] --START--
INFO: Run Behavior\ReadHtmlCacheBehavior [ RunTime:0.000421s ]
INFO: [ app_begin ] --END-- [ RunTime:0.000482s ]

[ 2017-07-18T20:57:06+08:00 ] 127.0.0.1 /month5/day6/thinkphp_3.2.3_full/index.php/Home/Index/index
INFO: [ app_init ] --START--
INFO: Run Behavior\BuildLiteBehavior [ RunTime:0.000014s ]
INFO: [ app_init ] --END-- [ RunTime:0.000351s ]
INFO: [ app_begin ] --START--
INFO: Run Behavior\ReadHtmlCacheBehavior [ RunTime:0.000457s ]
INFO: [ app_begin ] --END-- [ RunTime:0.000509s ]

[ 2017-07-18T20:57:06+08:00 ] 127.0.0.1 /month5/day6/thinkphp_3.2.3_full/index.php/Home/Index/index
INFO: [ app_init ] --START--
INFO: Run Behavior\BuildLiteBehavior [ RunTime:0.000018s ]
INFO: [ app_init ] --END-- [ RunTime:0.000476s ]
INFO: [ app_begin ] --START--
INFO: Run Behavior\ReadHtmlCacheBehavior [ RunTime:0.000657s ]
INFO: [ app_begin ] --END-- [ RunTime:0.000736s ]

[ 2017-07-18T20:57:06+08:00 ] 127.0.0.1 /month5/day6/thinkphp_3.2.3_full/index.php/Home/Index/index
INFO: [ app_init ] --START--
INFO: Run Behavior\BuildLiteBehavior [ RunTime:0.000014s ]
INFO: [ app_init ] --END-- [ RunTime:0.000331s ]
INFO: [ app_begin ] --START--
INFO: Run Behavior\ReadHtmlCacheBehavior [ RunTime:0.000455s ]
INFO: [ app_begin ] --END-- [ RunTime:0.000513s ]

[ 2017-07-18T20:57:06+08:00 ] 127.0.0.1 /month5/day6/thinkphp_3.2.3_full/index.php/Home/Index/index
INFO: [ app_init ] --START--
INFO: Run Behavior\BuildLiteBehavior [ RunTime:0.000020s ]
INFO: [ app_init ] --END-- [ RunTime:0.000540s ]
INFO: [ app_begin ] --START--
INFO: Run Behavior\ReadHtmlCacheBehavior [ RunTime:0.000537s ]
INFO: [ app_begin ] --END-- [ RunTime:0.000615s ]

[ 2017-07-18T20:57:06+08:00 ] 127.0.0.1 /month5/day6/thinkphp_3.2.3_full/index.php/Home/Index/index
INFO: [ app_init ] --START--
INFO: Run Behavior\BuildLiteBehavior [ RunTime:0.000015s ]
INFO: [ app_init ] --END-- [ RunTime:0.000327s ]
INFO: [ app_begin ] --START--
INFO: Run Behavior\ReadHtmlCacheBehavior [ RunTime:0.000433s ]
INFO: [ app_begin ] --END-- [ RunTime:0.000489s ]

[ 2017-07-18T20:57:06+08:00 ] 127.0.0.1 /month5/day6/thinkphp_3.2.3_full/index.php/Home/Index/index
INFO: [ app_init ] --START--
INFO: Run Behavior\BuildLiteBehavior [ RunTime:0.000020s ]
INFO: [ app_init ] --END-- [ RunTime:0.000523s ]
INFO: [ app_begin ] --START--
INFO: Run Behavior\ReadHtmlCacheBehavior [ RunTime:0.000452s ]
INFO: [ app_begin ] --END-- [ RunTime:0.000511s ]

[ 2017-07-18T21:01:34+08:00 ] 127.0.0.1 /month5/day6/thinkphp_3.2.3_full/index.php/Home/Index/index
INFO: [ app_init ] --START--
INFO: Run Behavior\BuildLiteBehavior [ RunTime:0.000016s ]
INFO: [ app_init ] --END-- [ RunTime:0.000480s ]
INFO: [ app_begin ] --START--
INFO: Run Behavior\ReadHtmlCacheBehavior [ RunTime:0.000561s ]
INFO: [ app_begin ] --END-- [ RunTime:0.000620s ]

[ 2017-07-18T21:01:35+08:00 ] 127.0.0.1 /month5/day6/thinkphp_3.2.3_full/index.php/Home/Index/index
INFO: [ app_init ] --START--
INFO: Run Behavior\BuildLiteBehavior [ RunTime:0.000014s ]
INFO: [ app_init ] --END-- [ RunTime:0.000327s ]
INFO: [ app_begin ] --START--
INFO: Run Behavior\ReadHtmlCacheBehavior [ RunTime:0.000427s ]
INFO: [ app_begin ] --END-- [ RunTime:0.000489s ]

[ 2017-07-18T21:01:35+08:00 ] 127.0.0.1 /month5/day6/thinkphp_3.2.3_full/index.php/Home/Index/index
INFO: [ app_init ] --START--
INFO: Run Behavior\BuildLiteBehavior [ RunTime:0.000012s ]
INFO: [ app_init ] --END-- [ RunTime:0.000328s ]
INFO: [ app_begin ] --START--
INFO: Run Behavior\ReadHtmlCacheBehavior [ RunTime:0.000893s ]
INFO: [ app_begin ] --END-- [ RunTime:0.000994s ]

[ 2017-07-18T21:02:34+08:00 ] 127.0.0.1 /month5/day6/thinkphp_3.2.3_full/index.php/Home/Index/index
INFO: [ app_init ] --START--
INFO: Run Behavior\BuildLiteBehavior [ RunTime:0.000012s ]
INFO: [ app_init ] --END-- [ RunTime:0.000312s ]
INFO: [ app_begin ] --START--
INFO: Run Behavior\ReadHtmlCacheBehavior [ RunTime:0.000628s ]
INFO: [ app_begin ] --END-- [ RunTime:0.000711s ]

[ 2017-07-18T21:02:34+08:00 ] 127.0.0.1 /month5/day6/thinkphp_3.2.3_full/index.php/Home/Index/index
INFO: [ app_init ] --START--
INFO: Run Behavior\BuildLiteBehavior [ RunTime:0.000014s ]
INFO: [ app_init ] --END-- [ RunTime:0.000336s ]
INFO: [ app_begin ] --START--
INFO: Run Behavior\ReadHtmlCacheBehavior [ RunTime:0.000683s ]
INFO: [ app_begin ] --END-- [ RunTime:0.000770s ]

[ 2017-07-18T21:02:34+08:00 ] 127.0.0.1 /month5/day6/thinkphp_3.2.3_full/index.php/Home/Index/index
INFO: [ app_init ] --START--
INFO: Run Behavior\BuildLiteBehavior [ RunTime:0.000021s ]
INFO: [ app_init ] --END-- [ RunTime:0.000405s ]
INFO: [ app_begin ] --START--
INFO: Run Behavior\ReadHtmlCacheBehavior [ RunTime:0.000484s ]
INFO: [ app_begin ] --END-- [ RunTime:0.000543s ]

[ 2017-07-18T21:02:35+08:00 ] 127.0.0.1 /month5/day6/thinkphp_3.2.3_full/index.php/Home/Index/index
INFO: [ app_init ] --START--
INFO: Run Behavior\BuildLiteBehavior [ RunTime:0.000014s ]
INFO: [ app_init ] --END-- [ RunTime:0.000337s ]
INFO: [ app_begin ] --START--
INFO: Run Behavior\ReadHtmlCacheBehavior [ RunTime:0.000438s ]
INFO: [ app_begin ] --END-- [ RunTime:0.000492s ]

[ 2017-07-18T21:03:20+08:00 ] 127.0.0.1 /month5/day6/thinkphp_3.2.3_full/index.php/Home/Index/index
INFO: [ app_init ] --START--
INFO: Run Behavior\BuildLiteBehavior [ RunTime:0.000014s ]
INFO: [ app_init ] --END-- [ RunTime:0.000339s ]
INFO: [ app_begin ] --START--
INFO: Run Behavior\ReadHtmlCacheBehavior [ RunTime:0.000733s ]
INFO: [ app_begin ] --END-- [ RunTime:0.000816s ]

[ 2017-07-18T21:03:21+08:00 ] 127.0.0.1 /month5/day6/thinkphp_3.2.3_full/index.php/Home/Index/index
INFO: [ app_init ] --START--
INFO: Run Behavior\BuildLiteBehavior [ RunTime:0.000014s ]
INFO: [ app_init ] --END-- [ RunTime:0.000339s ]
INFO: [ app_begin ] --START--
INFO: Run Behavior\ReadHtmlCacheBehavior [ RunTime:0.000511s ]
INFO: [ app_begin ] --END-- [ RunTime:0.000565s ]

[ 2017-07-18T21:03:21+08:00 ] 127.0.0.1 /month5/day6/thinkphp_3.2.3_full/index.php/Home/Index/index
INFO: [ app_init ] --START--
INFO: Run Behavior\BuildLiteBehavior [ RunTime:0.000012s ]
INFO: [ app_init ] --END-- [ RunTime:0.000302s ]
INFO: [ app_begin ] --START--
INFO: Run Behavior\ReadHtmlCacheBehavior [ RunTime:0.000415s ]
INFO: [ app_begin ] --END-- [ RunTime:0.000468s ]

[ 2017-07-18T21:04:25+08:00 ] 127.0.0.1 /month5/day6/thinkphp_3.2.3_full/index.php/Home/Index/index
INFO: [ app_init ] --START--
INFO: Run Behavior\BuildLiteBehavior [ RunTime:0.000017s ]
INFO: [ app_init ] --END-- [ RunTime:0.000485s ]
INFO: [ app_begin ] --START--
INFO: Run Behavior\ReadHtmlCacheBehavior [ RunTime:0.000872s ]
INFO: [ app_begin ] --END-- [ RunTime:0.000957s ]

[ 2017-07-18T21:06:08+08:00 ] 127.0.0.1 /month5/day6/thinkphp_3.2.3_full/index.php/Home/Index/index
INFO: [ app_init ] --START--
INFO: Run Behavior\BuildLiteBehavior [ RunTime:0.000013s ]
INFO: [ app_init ] --END-- [ RunTime:0.000331s ]
INFO: [ app_begin ] --START--
INFO: Run Behavior\ReadHtmlCacheBehavior [ RunTime:0.000432s ]
INFO: [ app_begin ] --END-- [ RunTime:0.000482s ]

[ 2017-07-18T21:06:09+08:00 ] 127.0.0.1 /month5/day6/thinkphp_3.2.3_full/index.php/Home/Index/index
INFO: [ app_init ] --START--
INFO: Run Behavior\BuildLiteBehavior [ RunTime:0.000012s ]
INFO: [ app_init ] --END-- [ RunTime:0.000321s ]
INFO: [ app_begin ] --START--
INFO: Run Behavior\ReadHtmlCacheBehavior [ RunTime:0.000827s ]
INFO: [ app_begin ] --END-- [ RunTime:0.000926s ]

[ 2017-07-18T21:06:09+08:00 ] 127.0.0.1 /month5/day6/thinkphp_3.2.3_full/index.php/Home/Index/index
INFO: [ app_init ] --START--
INFO: Run Behavior\BuildLiteBehavior [ RunTime:0.000012s ]
INFO: [ app_init ] --END-- [ RunTime:0.000329s ]
INFO: [ app_begin ] --START--
INFO: Run Behavior\ReadHtmlCacheBehavior [ RunTime:0.000408s ]
INFO: [ app_begin ] --END-- [ RunTime:0.000460s ]

[ 2017-07-18T21:06:09+08:00 ] 127.0.0.1 /month5/day6/thinkphp_3.2.3_full/index.php/Home/Index/index
INFO: [ app_init ] --START--
INFO: Run Behavior\BuildLiteBehavior [ RunTime:0.000012s ]
INFO: [ app_init ] --END-- [ RunTime:0.000302s ]
INFO: [ app_begin ] --START--
INFO: Run Behavior\ReadHtmlCacheBehavior [ RunTime:0.000893s ]
INFO: [ app_begin ] --END-- [ RunTime:0.001049s ]

[ 2017-07-18T21:06:29+08:00 ] 127.0.0.1 /month5/day6/thinkphp_3.2.3_full/index.php/Home/Index/index
INFO: [ app_init ] --START--
INFO: Run Behavior\BuildLiteBehavior [ RunTime:0.000012s ]
INFO: [ app_init ] --END-- [ RunTime:0.000383s ]
INFO: [ app_begin ] --START--
INFO: Run Behavior\ReadHtmlCacheBehavior [ RunTime:0.000578s ]
INFO: [ app_begin ] --END-- [ RunTime:0.000631s ]

[ 2017-07-18T21:06:34+08:00 ] 127.0.0.1 /month5/day6/thinkphp_3.2.3_full/index.php/Home/Index/index
INFO: [ app_init ] --START--
INFO: Run Behavior\BuildLiteBehavior [ RunTime:0.000012s ]
INFO: [ app_init ] --END-- [ RunTime:0.000309s ]
INFO: [ app_begin ] --START--
INFO: Run Behavior\ReadHtmlCacheBehavior [ RunTime:0.000426s ]
INFO: [ app_begin ] --END-- [ RunTime:0.000479s ]

[ 2017-07-18T21:06:36+08:00 ] 127.0.0.1 /month5/day6/thinkphp_3.2.3_full/index.php/Home/Index/index
INFO: [ app_init ] --START--
INFO: Run Behavior\BuildLiteBehavior [ RunTime:0.000014s ]
INFO: [ app_init ] --END-- [ RunTime:0.000345s ]
INFO: [ app_begin ] --START--
INFO: Run Behavior\ReadHtmlCacheBehavior [ RunTime:0.000486s ]
INFO: [ app_begin ] --END-- [ RunTime:0.000547s ]

[ 2017-07-18T21:06:55+08:00 ] 127.0.0.1 /month5/day6/thinkphp_3.2.3_full/index.php/Home/Index/index
INFO: [ app_init ] --START--
INFO: Run Behavior\BuildLiteBehavior [ RunTime:0.000012s ]
INFO: [ app_init ] --END-- [ RunTime:0.000308s ]
INFO: [ app_begin ] --START--
INFO: Run Behavior\ReadHtmlCacheBehavior [ RunTime:0.000420s ]
INFO: [ app_begin ] --END-- [ RunTime:0.000473s ]

[ 2017-07-18T21:06:56+08:00 ] 127.0.0.1 /month5/day6/thinkphp_3.2.3_full/index.php/Home/Index/index
INFO: [ app_init ] --START--
INFO: Run Behavior\BuildLiteBehavior [ RunTime:0.000012s ]
INFO: [ app_init ] --END-- [ RunTime:0.000308s ]
INFO: [ app_begin ] --START--
INFO: Run Behavior\ReadHtmlCacheBehavior [ RunTime:0.000429s ]
INFO: [ app_begin ] --END-- [ RunTime:0.000481s ]

[ 2017-07-18T21:06:56+08:00 ] 127.0.0.1 /month5/day6/thinkphp_3.2.3_full/index.php/Home/Index/index
INFO: [ app_init ] --START--
INFO: Run Behavior\BuildLiteBehavior [ RunTime:0.000020s ]
INFO: [ app_init ] --END-- [ RunTime:0.000360s ]
INFO: [ app_begin ] --START--
INFO: Run Behavior\ReadHtmlCacheBehavior [ RunTime:0.000523s ]
INFO: [ app_begin ] --END-- [ RunTime:0.000585s ]

[ 2017-07-18T21:06:57+08:00 ] 127.0.0.1 /month5/day6/thinkphp_3.2.3_full/index.php/Home/Index/index
INFO: [ app_init ] --START--
INFO: Run Behavior\BuildLiteBehavior [ RunTime:0.000013s ]
INFO: [ app_init ] --END-- [ RunTime:0.000324s ]
INFO: [ app_begin ] --START--
INFO: Run Behavior\ReadHtmlCacheBehavior [ RunTime:0.000413s ]
INFO: [ app_begin ] --END-- [ RunTime:0.000466s ]

[ 2017-07-18T21:06:57+08:00 ] 127.0.0.1 /month5/day6/thinkphp_3.2.3_full/index.php/Home/Index/index
INFO: [ app_init ] --START--
INFO: Run Behavior\BuildLiteBehavior [ RunTime:0.000012s ]
INFO: [ app_init ] --END-- [ RunTime:0.000320s ]
INFO: [ app_begin ] --START--
INFO: Run Behavior\ReadHtmlCacheBehavior [ RunTime:0.000441s ]
INFO: [ app_begin ] --END-- [ RunTime:0.000496s ]

[ 2017-07-18T21:06:57+08:00 ] 127.0.0.1 /month5/day6/thinkphp_3.2.3_full/index.php/Home/Index/index
INFO: [ app_init ] --START--
INFO: Run Behavior\BuildLiteBehavior [ RunTime:0.000014s ]
INFO: [ app_init ] --END-- [ RunTime:0.000335s ]
INFO: [ app_begin ] --START--
INFO: Run Behavior\ReadHtmlCacheBehavior [ RunTime:0.000447s ]
INFO: [ app_begin ] --END-- [ RunTime:0.000501s ]

[ 2017-07-18T21:06:57+08:00 ] 127.0.0.1 /month5/day6/thinkphp_3.2.3_full/index.php/Home/Index/index
INFO: [ app_init ] --START--
INFO: Run Behavior\BuildLiteBehavior [ RunTime:0.000013s ]
INFO: [ app_init ] --END-- [ RunTime:0.000370s ]
INFO: [ app_begin ] --START--
INFO: Run Behavior\ReadHtmlCacheBehavior [ RunTime:0.000561s ]
INFO: [ app_begin ] --END-- [ RunTime:0.000615s ]

[ 2017-07-18T21:07:20+08:00 ] 127.0.0.1 /month5/day6/thinkphp_3.2.3_full/index.php/Home/Index/index
INFO: [ app_init ] --START--
INFO: Run Behavior\BuildLiteBehavior [ RunTime:0.000014s ]
INFO: [ app_init ] --END-- [ RunTime:0.000382s ]
INFO: [ app_begin ] --START--
INFO: Run Behavior\ReadHtmlCacheBehavior [ RunTime:0.000415s ]
INFO: [ app_begin ] --END-- [ RunTime:0.000466s ]
SQL: SHOW COLUMNS FROM `priviller` [ RunTime:0.0511s ]
SQL: SELECT * FROM `priviller`  [ RunTime:0.0006s ]

[ 2017-07-18T21:07:56+08:00 ] 127.0.0.1 /month5/day6/thinkphp_3.2.3_full/index.php/Home/Index/index
INFO: [ app_init ] --START--
INFO: Run Behavior\BuildLiteBehavior [ RunTime:0.000012s ]
INFO: [ app_init ] --END-- [ RunTime:0.000312s ]
INFO: [ app_begin ] --START--
INFO: Run Behavior\ReadHtmlCacheBehavior [ RunTime:0.000406s ]
INFO: [ app_begin ] --END-- [ RunTime:0.000458s ]

[ 2017-07-18T21:08:29+08:00 ] 127.0.0.1 /month5/day6/thinkphp_3.2.3_full/index.php/Home/Index/index
INFO: [ app_init ] --START--
INFO: Run Behavior\BuildLiteBehavior [ RunTime:0.000012s ]
INFO: [ app_init ] --END-- [ RunTime:0.000315s ]
INFO: [ app_begin ] --START--
INFO: Run Behavior\ReadHtmlCacheBehavior [ RunTime:0.000416s ]
INFO: [ app_begin ] --END-- [ RunTime:0.000468s ]

[ 2017-07-18T21:08:31+08:00 ] 127.0.0.1 /month5/day6/thinkphp_3.2.3_full/index.php/Home/Index/index
INFO: [ app_init ] --START--
INFO: Run Behavior\BuildLiteBehavior [ RunTime:0.000014s ]
INFO: [ app_init ] --END-- [ RunTime:0.000402s ]
INFO: [ app_begin ] --START--
INFO: Run Behavior\ReadHtmlCacheBehavior [ RunTime:0.000410s ]
INFO: [ app_begin ] --END-- [ RunTime:0.000462s ]

[ 2017-07-18T21:08:58+08:00 ] 127.0.0.1 /month5/day6/thinkphp_3.2.3_full/index.php/Home/Index/index
INFO: [ app_init ] --START--
INFO: Run Behavior\BuildLiteBehavior [ RunTime:0.000014s ]
INFO: [ app_init ] --END-- [ RunTime:0.000500s ]
INFO: [ app_begin ] --START--
INFO: Run Behavior\ReadHtmlCacheBehavior [ RunTime:0.000695s ]
INFO: [ app_begin ] --END-- [ RunTime:0.000789s ]

[ 2017-07-18T21:09:05+08:00 ] 127.0.0.1 /month5/day6/thinkphp_3.2.3_full/index.php/Home/Index/index
INFO: [ app_init ] --START--
INFO: Run Behavior\BuildLiteBehavior [ RunTime:0.000013s ]
INFO: [ app_init ] --END-- [ RunTime:0.000315s ]
INFO: [ app_begin ] --START--
INFO: Run Behavior\ReadHtmlCacheBehavior [ RunTime:0.000409s ]
INFO: [ app_begin ] --END-- [ RunTime:0.000461s ]
SQL: SHOW COLUMNS FROM `priviller` [ RunTime:0.0112s ]
SQL: SELECT * FROM `priviller`  [ RunTime:0.0005s ]

[ 2017-07-18T21:09:21+08:00 ] 127.0.0.1 /month5/day6/thinkphp_3.2.3_full/index.php/Home/Index/index
INFO: [ app_init ] --START--
INFO: Run Behavior\BuildLiteBehavior [ RunTime:0.000013s ]
INFO: [ app_init ] --END-- [ RunTime:0.000359s ]
INFO: [ app_begin ] --START--
INFO: Run Behavior\ReadHtmlCacheBehavior [ RunTime:0.000439s ]
INFO: [ app_begin ] --END-- [ RunTime:0.000490s ]
SQL: SHOW COLUMNS FROM `priviller` [ RunTime:0.0223s ]
SQL: SELECT * FROM `priviller`  [ RunTime:0.0005s ]

[ 2017-07-18T21:10:01+08:00 ] 127.0.0.1 /month5/day6/thinkphp_3.2.3_full/index.php/Home/Index/index
INFO: [ app_init ] --START--
INFO: Run Behavior\BuildLiteBehavior [ RunTime:0.000012s ]
INFO: [ app_init ] --END-- [ RunTime:0.000339s ]
INFO: [ app_begin ] --START--
INFO: Run Behavior\ReadHtmlCacheBehavior [ RunTime:0.000432s ]
INFO: [ app_begin ] --END-- [ RunTime:0.000483s ]
SQL: SHOW COLUMNS FROM `priviller` [ RunTime:0.0182s ]
SQL: SELECT * FROM `priviller`  [ RunTime:0.0006s ]

[ 2017-07-18T21:11:20+08:00 ] 127.0.0.1 /month5/day6/thinkphp_3.2.3_full/index.php/Home/Index/index
INFO: [ app_init ] --START--
INFO: Run Behavior\BuildLiteBehavior [ RunTime:0.000016s ]
INFO: [ app_init ] --END-- [ RunTime:0.000826s ]
INFO: [ app_begin ] --START--
INFO: Run Behavior\ReadHtmlCacheBehavior [ RunTime:0.000587s ]
INFO: [ app_begin ] --END-- [ RunTime:0.000639s ]
SQL: SHOW COLUMNS FROM `priviller` [ RunTime:0.0419s ]
SQL: SELECT * FROM `priviller`  [ RunTime:0.0006s ]
NOTIC: [2] Missing argument 2 for Home\Controller\IndexController::getList(), called in E:\xiaoyu\month5\day6\thinkphp_3.2.3_full\Application\Home\Controller\IndexController.class.php on line 10 and defined E:\xiaoyu\month5\day6\thinkphp_3.2.3_full\Application\Home\Controller\IndexController.class.php 第 17 行.
NOTIC: [2] Missing argument 3 for Home\Controller\IndexController::getList(), called in E:\xiaoyu\month5\day6\thinkphp_3.2.3_full\Application\Home\Controller\IndexController.class.php on line 10 and defined E:\xiaoyu\month5\day6\thinkphp_3.2.3_full\Application\Home\Controller\IndexController.class.php 第 17 行.
NOTIC: [8] Undefined variable: parent_id E:\xiaoyu\month5\day6\thinkphp_3.2.3_full\Application\Home\Controller\IndexController.class.php 第 21 行.
NOTIC: [8] Undefined variable: parent_id E:\xiaoyu\month5\day6\thinkphp_3.2.3_full\Application\Home\Controller\IndexController.class.php 第 21 行.
NOTIC: [8] Undefined variable: tmp E:\xiaoyu\month5\day6\thinkphp_3.2.3_full\Application\Home\Controller\IndexController.class.php 第 23 行.
NOTIC: [8] Undefined variable: tmp E:\xiaoyu\month5\day6\thinkphp_3.2.3_full\Application\Home\Controller\IndexController.class.php 第 25 行.

[ 2017-07-18T21:11:20+08:00 ] 127.0.0.1 /month5/day6/thinkphp_3.2.3_full/index.php/Home/Index/index
INFO: [ app_init ] --START--
INFO: Run Behavior\BuildLiteBehavior [ RunTime:0.000019s ]
INFO: [ app_init ] --END-- [ RunTime:0.000469s ]
INFO: [ app_begin ] --START--
INFO: Run Behavior\ReadHtmlCacheBehavior [ RunTime:0.000504s ]
INFO: [ app_begin ] --END-- [ RunTime:0.000579s ]
SQL: SHOW COLUMNS FROM `priviller` [ RunTime:0.0096s ]
SQL: SELECT * FROM `priviller`  [ RunTime:0.0005s ]
NOTIC: [2] Missing argument 2 for Home\Controller\IndexController::getList(), called in E:\xiaoyu\month5\day6\thinkphp_3.2.3_full\Application\Home\Controller\IndexController.class.php on line 10 and defined E:\xiaoyu\month5\day6\thinkphp_3.2.3_full\Application\Home\Controller\IndexController.class.php 第 17 行.
NOTIC: [2] Missing argument 3 for Home\Controller\IndexController::getList(), called in E:\xiaoyu\month5\day6\thinkphp_3.2.3_full\Application\Home\Controller\IndexController.class.php on line 10 and defined E:\xiaoyu\month5\day6\thinkphp_3.2.3_full\Application\Home\Controller\IndexController.class.php 第 17 行.
NOTIC: [8] Undefined variable: parent_id E:\xiaoyu\month5\day6\thinkphp_3.2.3_full\Application\Home\Controller\IndexController.class.php 第 21 行.
NOTIC: [8] Undefined variable: parent_id E:\xiaoyu\month5\day6\thinkphp_3.2.3_full\Application\Home\Controller\IndexController.class.php 第 21 行.
NOTIC: [8] Undefined variable: tmp E:\xiaoyu\month5\day6\thinkphp_3.2.3_full\Application\Home\Controller\IndexController.class.php 第 23 行.
NOTIC: [8] Undefined variable: tmp E:\xiaoyu\month5\day6\thinkphp_3.2.3_full\Application\Home\Controller\IndexController.class.php 第 25 行.

[ 2017-07-18T21:13:34+08:00 ] 127.0.0.1 /month5/day6/thinkphp_3.2.3_full/index.php/Home/Index/index
INFO: [ app_init ] --START--
INFO: Run Behavior\BuildLiteBehavior [ RunTime:0.000013s ]
INFO: [ app_init ] --END-- [ RunTime:0.000389s ]
INFO: [ app_begin ] --START--
INFO: Run Behavior\ReadHtmlCacheBehavior [ RunTime:0.000612s ]
INFO: [ app_begin ] --END-- [ RunTime:0.000676s ]
SQL: SHOW COLUMNS FROM `priviller` [ RunTime:0.0088s ]
SQL: SELECT * FROM `priviller`  [ RunTime:0.0006s ]
ERR: Think\Controller:getList方法不存在！

[ 2017-07-18T21:13:43+08:00 ] 127.0.0.1 /month5/day6/thinkphp_3.2.3_full/index.php/Home/Index/index
INFO: [ app_init ] --START--
INFO: Run Behavior\BuildLiteBehavior [ RunTime:0.000012s ]
INFO: [ app_init ] --END-- [ RunTime:0.000374s ]
INFO: [ app_begin ] --START--
INFO: Run Behavior\ReadHtmlCacheBehavior [ RunTime:0.000503s ]
INFO: [ app_begin ] --END-- [ RunTime:0.000554s ]
SQL: SHOW COLUMNS FROM `priviller` [ RunTime:0.0087s ]
SQL: SELECT * FROM `priviller`  [ RunTime:0.0005s ]
NOTIC: [8] Undefined variable: new_data E:\xiaoyu\month5\day6\thinkphp_3.2.3_full\Application\Home\Controller\IndexController.class.php 第 12 行.
INFO: [ view_parse ] --START--
INFO: [ template_filter ] --START--
INFO: Run Behavior\ContentReplaceBehavior [ RunTime:0.000041s ]
INFO: [ template_filter ] --END-- [ RunTime:0.000101s ]
INFO: Run Behavior\ParseTemplateBehavior [ RunTime:0.006117s ]
INFO: [ view_parse ] --END-- [ RunTime:0.006181s ]
INFO: [ view_filter ] --START--
INFO: Run Behavior\WriteHtmlCacheBehavior [ RunTime:0.000357s ]
INFO: [ view_filter ] --END-- [ RunTime:0.000402s ]
INFO: [ app_end ] --START--
INFO: Run Behavior\ShowPageTraceBehavior [ RunTime:0.000556s ]
INFO: [ app_end ] --END-- [ RunTime:0.000603s ]

[ 2017-07-18T21:14:13+08:00 ] 127.0.0.1 /month5/day6/thinkphp_3.2.3_full/index.php/Home/Index/index
INFO: [ app_init ] --START--
INFO: Run Behavior\BuildLiteBehavior [ RunTime:0.000013s ]
INFO: [ app_init ] --END-- [ RunTime:0.000329s ]
INFO: [ app_begin ] --START--
INFO: Run Behavior\ReadHtmlCacheBehavior [ RunTime:0.000409s ]
INFO: [ app_begin ] --END-- [ RunTime:0.000461s ]
SQL: SHOW COLUMNS FROM `priviller` [ RunTime:0.0407s ]
SQL: SELECT * FROM `priviller`  [ RunTime:0.0005s ]
ERR: Think\Controller:getList方法不存在！

[ 2017-07-18T21:16:28+08:00 ] 127.0.0.1 /month5/day6/thinkphp_3.2.3_full/index.php/Home/Index/index
INFO: [ app_init ] --START--
INFO: Run Behavior\BuildLiteBehavior [ RunTime:0.000015s ]
INFO: [ app_init ] --END-- [ RunTime:0.000395s ]
INFO: [ app_begin ] --START--
INFO: Run Behavior\ReadHtmlCacheBehavior [ RunTime:0.000674s ]
INFO: [ app_begin ] --END-- [ RunTime:0.000736s ]
SQL: SHOW COLUMNS FROM `priviller` [ RunTime:0.0088s ]
SQL: SELECT * FROM `priviller`  [ RunTime:0.0006s ]
NOTIC: [2] Missing argument 2 for Home\Controller\IndexController::getList(), called in E:\xiaoyu\month5\day6\thinkphp_3.2.3_full\Application\Home\Controller\IndexController.class.php on line 10 and defined E:\xiaoyu\month5\day6\thinkphp_3.2.3_full\Application\Home\Controller\IndexController.class.php 第 16 行.
NOTIC: [2] Missing argument 3 for Home\Controller\IndexController::getList(), called in E:\xiaoyu\month5\day6\thinkphp_3.2.3_full\Application\Home\Controller\IndexController.class.php on line 10 and defined E:\xiaoyu\month5\day6\thinkphp_3.2.3_full\Application\Home\Controller\IndexController.class.php 第 16 行.
NOTIC: [8] Undefined variable: parent_id E:\xiaoyu\month5\day6\thinkphp_3.2.3_full\Application\Home\Controller\IndexController.class.php 第 20 行.
NOTIC: [8] Undefined variable: parent_id E:\xiaoyu\month5\day6\thinkphp_3.2.3_full\Application\Home\Controller\IndexController.class.php 第 20 行.
NOTIC: [8] Undefined variable: tmp E:\xiaoyu\month5\day6\thinkphp_3.2.3_full\Application\Home\Controller\IndexController.class.php 第 22 行.
NOTIC: [8] Undefined variable: tmp E:\xiaoyu\month5\day6\thinkphp_3.2.3_full\Application\Home\Controller\IndexController.class.php 第 24 行.

[ 2017-07-18T21:17:44+08:00 ] 127.0.0.1 /month5/day6/thinkphp_3.2.3_full/index.php/Home/Index/index
INFO: [ app_init ] --START--
INFO: Run Behavior\BuildLiteBehavior [ RunTime:0.000012s ]
INFO: [ app_init ] --END-- [ RunTime:0.000339s ]
INFO: [ app_begin ] --START--
INFO: Run Behavior\ReadHtmlCacheBehavior [ RunTime:0.000454s ]
INFO: [ app_begin ] --END-- [ RunTime:0.000506s ]
SQL: SHOW COLUMNS FROM `priviller` [ RunTime:0.0093s ]
SQL: SELECT * FROM `priviller`  [ RunTime:0.0005s ]
NOTIC: [2] Missing argument 2 for Home\Controller\IndexController::getList(), called in E:\xiaoyu\month5\day6\thinkphp_3.2.3_full\Application\Home\Controller\IndexController.class.php on line 10 and defined E:\xiaoyu\month5\day6\thinkphp_3.2.3_full\Application\Home\Controller\IndexController.class.php 第 16 行.
NOTIC: [2] Missing argument 3 for Home\Controller\IndexController::getList(), called in E:\xiaoyu\month5\day6\thinkphp_3.2.3_full\Application\Home\Controller\IndexController.class.php on line 10 and defined E:\xiaoyu\month5\day6\thinkphp_3.2.3_full\Application\Home\Controller\IndexController.class.php 第 16 行.
NOTIC: [8] Undefined variable: parent_id E:\xiaoyu\month5\day6\thinkphp_3.2.3_full\Application\Home\Controller\IndexController.class.php 第 20 行.
NOTIC: [8] Undefined variable: parent_id E:\xiaoyu\month5\day6\thinkphp_3.2.3_full\Application\Home\Controller\IndexController.class.php 第 20 行.
NOTIC: [8] Undefined variable: tmp E:\xiaoyu\month5\day6\thinkphp_3.2.3_full\Application\Home\Controller\IndexController.class.php 第 22 行.
NOTIC: [8] Undefined variable: tmp E:\xiaoyu\month5\day6\thinkphp_3.2.3_full\Application\Home\Controller\IndexController.class.php 第 24 行.
NOTIC: [8] Undefined variable: parent_id E:\xiaoyu\month5\day6\thinkphp_3.2.3_full\Application\Home\Controller\IndexController.class.php 第 20 行.
NOTIC: [8] Undefined variable: parent_id E:\xiaoyu\month5\day6\thinkphp_3.2.3_full\Application\Home\Controller\IndexController.class.php 第 20 行.
NOTIC: [8] Undefined variable: parent_id E:\xiaoyu\month5\day6\thinkphp_3.2.3_full\Application\Home\Controller\IndexController.class.php 第 20 行.
NOTIC: [8] Undefined variable: parent_id E:\xiaoyu\month5\day6\thinkphp_3.2.3_full\Application\Home\Controller\IndexController.class.php 第 20 行.
NOTIC: [8] Undefined variable: tmp E:\xiaoyu\month5\day6\thinkphp_3.2.3_full\Application\Home\Controller\IndexController.class.php 第 22 行.
NOTIC: [8] Undefined variable: tmp E:\xiaoyu\month5\day6\thinkphp_3.2.3_full\Application\Home\Controller\IndexController.class.php 第 24 行.
NOTIC: [8] Undefined variable: parent_id E:\xiaoyu\month5\day6\thinkphp_3.2.3_full\Application\Home\Controller\IndexController.class.php 第 20 行.
NOTIC: [8] Undefined variable: parent_id E:\xiaoyu\month5\day6\thinkphp_3.2.3_full\Application\Home\Controller\IndexController.class.php 第 20 行.
NOTIC: [8] Undefined variable: parent_id E:\xiaoyu\month5\day6\thinkphp_3.2.3_full\Application\Home\Controller\IndexController.class.php 第 20 行.
NOTIC: [8] Undefined variable: tmp E:\xiaoyu\month5\day6\thinkphp_3.2.3_full\Application\Home\Controller\IndexController.class.php 第 22 行.
NOTIC: [8] Undefined variable: tmp E:\xiaoyu\month5\day6\thinkphp_3.2.3_full\Application\Home\Controller\IndexController.class.php 第 24 行.
INFO: [ view_parse ] --START--
INFO: [ template_filter ] --START--
INFO: Run Behavior\ContentReplaceBehavior [ RunTime:0.000051s ]
INFO: [ template_filter ] --END-- [ RunTime:0.000114s ]
INFO: Run Behavior\ParseTemplateBehavior [ RunTime:0.006403s ]
INFO: [ view_parse ] --END-- [ RunTime:0.006479s ]
INFO: [ view_filter ] --START--
INFO: Run Behavior\WriteHtmlCacheBehavior [ RunTime:0.000359s ]
INFO: [ view_filter ] --END-- [ RunTime:0.000404s ]
INFO: [ app_end ] --START--
INFO: Run Behavior\ShowPageTraceBehavior [ RunTime:0.000590s ]
INFO: [ app_end ] --END-- [ RunTime:0.000638s ]

[ 2017-07-18T21:19:00+08:00 ] 127.0.0.1 /month5/day6/thinkphp_3.2.3_full/index.php/Home/Index/index
INFO: [ app_init ] --START--
INFO: Run Behavior\BuildLiteBehavior [ RunTime:0.000013s ]
INFO: [ app_init ] --END-- [ RunTime:0.000368s ]
INFO: [ app_begin ] --START--
INFO: Run Behavior\ReadHtmlCacheBehavior [ RunTime:0.000563s ]
INFO: [ app_begin ] --END-- [ RunTime:0.000616s ]
SQL: SHOW COLUMNS FROM `priviller` [ RunTime:0.0092s ]
SQL: SELECT * FROM `priviller`  [ RunTime:0.0005s ]
NOTIC: [2] Missing argument 2 for Home\Controller\IndexController::getList(), called in E:\xiaoyu\month5\day6\thinkphp_3.2.3_full\Application\Home\Controller\IndexController.class.php on line 10 and defined E:\xiaoyu\month5\day6\thinkphp_3.2.3_full\Application\Home\Controller\IndexController.class.php 第 16 行.
NOTIC: [2] Missing argument 3 for Home\Controller\IndexController::getList(), called in E:\xiaoyu\month5\day6\thinkphp_3.2.3_full\Application\Home\Controller\IndexController.class.php on line 10 and defined E:\xiaoyu\month5\day6\thinkphp_3.2.3_full\Application\Home\Controller\IndexController.class.php 第 16 行.
NOTIC: [8] Undefined variable: parent_id E:\xiaoyu\month5\day6\thinkphp_3.2.3_full\Application\Home\Controller\IndexController.class.php 第 20 行.
NOTIC: [8] Undefined variable: parent_id E:\xiaoyu\month5\day6\thinkphp_3.2.3_full\Application\Home\Controller\IndexController.class.php 第 20 行.
NOTIC: [8] Undefined variable: tmp E:\xiaoyu\month5\day6\thinkphp_3.2.3_full\Application\Home\Controller\IndexController.class.php 第 22 行.
NOTIC: [8] Undefined variable: tmp E:\xiaoyu\month5\day6\thinkphp_3.2.3_full\Application\Home\Controller\IndexController.class.php 第 24 行.
NOTIC: [8] Undefined variable: parent_id E:\xiaoyu\month5\day6\thinkphp_3.2.3_full\Application\Home\Controller\IndexController.class.php 第 20 行.
NOTIC: [8] Undefined variable: parent_id E:\xiaoyu\month5\day6\thinkphp_3.2.3_full\Application\Home\Controller\IndexController.class.php 第 20 行.
NOTIC: [8] Undefined variable: parent_id E:\xiaoyu\month5\day6\thinkphp_3.2.3_full\Application\Home\Controller\IndexController.class.php 第 20 行.
NOTIC: [8] Undefined variable: parent_id E:\xiaoyu\month5\day6\thinkphp_3.2.3_full\Application\Home\Controller\IndexController.class.php 第 20 行.
NOTIC: [8] Undefined variable: tmp E:\xiaoyu\month5\day6\thinkphp_3.2.3_full\Application\Home\Controller\IndexController.class.php 第 22 行.
NOTIC: [8] Undefined variable: tmp E:\xiaoyu\month5\day6\thinkphp_3.2.3_full\Application\Home\Controller\IndexController.class.php 第 24 行.
NOTIC: [8] Undefined variable: parent_id E:\xiaoyu\month5\day6\thinkphp_3.2.3_full\Application\Home\Controller\IndexController.class.php 第 20 行.
NOTIC: [8] Undefined variable: parent_id E:\xiaoyu\month5\day6\thinkphp_3.2.3_full\Application\Home\Controller\IndexController.class.php 第 20 行.
NOTIC: [8] Undefined variable: parent_id E:\xiaoyu\month5\day6\thinkphp_3.2.3_full\Application\Home\Controller\IndexController.class.php 第 20 行.
NOTIC: [8] Undefined variable: tmp E:\xiaoyu\month5\day6\thinkphp_3.2.3_full\Application\Home\Controller\IndexController.class.php 第 22 行.
NOTIC: [8] Undefined variable: tmp E:\xiaoyu\month5\day6\thinkphp_3.2.3_full\Application\Home\Controller\IndexController.class.php 第 24 行.
INFO: [ view_parse ] --START--
INFO: [ template_filter ] --START--
INFO: Run Behavior\ContentReplaceBehavior [ RunTime:0.000039s ]
INFO: [ template_filter ] --END-- [ RunTime:0.000088s ]
INFO: Run Behavior\ParseTemplateBehavior [ RunTime:0.005614s ]
INFO: [ view_parse ] --END-- [ RunTime:0.005699s ]
INFO: [ view_filter ] --START--
INFO: Run Behavior\WriteHtmlCacheBehavior [ RunTime:0.000493s ]
INFO: [ view_filter ] --END-- [ RunTime:0.000576s ]
INFO: [ app_end ] --START--
INFO: Run Behavior\ShowPageTraceBehavior [ RunTime:0.000675s ]
INFO: [ app_end ] --END-- [ RunTime:0.000773s ]

[ 2017-07-18T21:19:45+08:00 ] 127.0.0.1 /month5/day6/thinkphp_3.2.3_full/index.php/Home/Index/index
INFO: [ app_init ] --START--
INFO: Run Behavior\BuildLiteBehavior [ RunTime:0.000021s ]
INFO: [ app_init ] --END-- [ RunTime:0.000413s ]
INFO: [ app_begin ] --START--
INFO: Run Behavior\ReadHtmlCacheBehavior [ RunTime:0.000691s ]
INFO: [ app_begin ] --END-- [ RunTime:0.000777s ]
SQL: SHOW COLUMNS FROM `priviller` [ RunTime:0.0098s ]
SQL: SELECT * FROM `priviller`  [ RunTime:0.0005s ]
NOTIC: [2] Missing argument 2 for Home\Controller\IndexController::getList(), called in E:\xiaoyu\month5\day6\thinkphp_3.2.3_full\Application\Home\Controller\IndexController.class.php on line 10 and defined E:\xiaoyu\month5\day6\thinkphp_3.2.3_full\Application\Home\Controller\IndexController.class.php 第 16 行.
NOTIC: [2] Missing argument 3 for Home\Controller\IndexController::getList(), called in E:\xiaoyu\month5\day6\thinkphp_3.2.3_full\Application\Home\Controller\IndexController.class.php on line 10 and defined E:\xiaoyu\month5\day6\thinkphp_3.2.3_full\Application\Home\Controller\IndexController.class.php 第 16 行.
NOTIC: [8] Undefined variable: parent_id E:\xiaoyu\month5\day6\thinkphp_3.2.3_full\Application\Home\Controller\IndexController.class.php 第 20 行.
NOTIC: [8] Undefined variable: parent_id E:\xiaoyu\month5\day6\thinkphp_3.2.3_full\Application\Home\Controller\IndexController.class.php 第 20 行.
NOTIC: [8] Undefined variable: tmp E:\xiaoyu\month5\day6\thinkphp_3.2.3_full\Application\Home\Controller\IndexController.class.php 第 22 行.
NOTIC: [8] Undefined variable: tmp E:\xiaoyu\month5\day6\thinkphp_3.2.3_full\Application\Home\Controller\IndexController.class.php 第 24 行.
NOTIC: [8] Undefined variable: parent_id E:\xiaoyu\month5\day6\thinkphp_3.2.3_full\Application\Home\Controller\IndexController.class.php 第 20 行.
NOTIC: [8] Undefined variable: parent_id E:\xiaoyu\month5\day6\thinkphp_3.2.3_full\Application\Home\Controller\IndexController.class.php 第 20 行.
NOTIC: [8] Undefined variable: parent_id E:\xiaoyu\month5\day6\thinkphp_3.2.3_full\Application\Home\Controller\IndexController.class.php 第 20 行.
NOTIC: [8] Undefined variable: parent_id E:\xiaoyu\month5\day6\thinkphp_3.2.3_full\Application\Home\Controller\IndexController.class.php 第 20 行.
NOTIC: [8] Undefined variable: tmp E:\xiaoyu\month5\day6\thinkphp_3.2.3_full\Application\Home\Controller\IndexController.class.php 第 22 行.
NOTIC: [8] Undefined variable: tmp E:\xiaoyu\month5\day6\thinkphp_3.2.3_full\Application\Home\Controller\IndexController.class.php 第 24 行.
NOTIC: [8] Undefined variable: parent_id E:\xiaoyu\month5\day6\thinkphp_3.2.3_full\Application\Home\Controller\IndexController.class.php 第 20 行.
NOTIC: [8] Undefined variable: parent_id E:\xiaoyu\month5\day6\thinkphp_3.2.3_full\Application\Home\Controller\IndexController.class.php 第 20 行.
NOTIC: [8] Undefined variable: parent_id E:\xiaoyu\month5\day6\thinkphp_3.2.3_full\Application\Home\Controller\IndexController.class.php 第 20 行.
INFO: [ view_parse ] --START--
INFO: [ template_filter ] --START--
INFO: Run Behavior\ContentReplaceBehavior [ RunTime:0.000040s ]
INFO: [ template_filter ] --END-- [ RunTime:0.000092s ]
INFO: Run Behavior\ParseTemplateBehavior [ RunTime:0.005891s ]
INFO: [ view_parse ] --END-- [ RunTime:0.005951s ]
INFO: [ view_filter ] --START--
INFO: Run Behavior\WriteHtmlCacheBehavior [ RunTime:0.000344s ]
INFO: [ view_filter ] --END-- [ RunTime:0.000387s ]
INFO: [ app_end ] --START--
INFO: Run Behavior\ShowPageTraceBehavior [ RunTime:0.000549s ]
INFO: [ app_end ] --END-- [ RunTime:0.000596s ]

[ 2017-07-18T21:20:30+08:00 ] 127.0.0.1 /month5/day6/thinkphp_3.2.3_full/index.php/Home/Index/index
INFO: [ app_init ] --START--
INFO: Run Behavior\BuildLiteBehavior [ RunTime:0.000019s ]
INFO: [ app_init ] --END-- [ RunTime:0.000480s ]
INFO: [ app_begin ] --START--
INFO: Run Behavior\ReadHtmlCacheBehavior [ RunTime:0.000417s ]
INFO: [ app_begin ] --END-- [ RunTime:0.000467s ]
SQL: SHOW COLUMNS FROM `priviller` [ RunTime:0.0089s ]
SQL: SELECT * FROM `priviller`  [ RunTime:0.0004s ]
NOTIC: [2] Missing argument 2 for Home\Controller\IndexController::getList(), called in E:\xiaoyu\month5\day6\thinkphp_3.2.3_full\Application\Home\Controller\IndexController.class.php on line 10 and defined E:\xiaoyu\month5\day6\thinkphp_3.2.3_full\Application\Home\Controller\IndexController.class.php 第 16 行.
NOTIC: [2] Missing argument 3 for Home\Controller\IndexController::getList(), called in E:\xiaoyu\month5\day6\thinkphp_3.2.3_full\Application\Home\Controller\IndexController.class.php on line 10 and defined E:\xiaoyu\month5\day6\thinkphp_3.2.3_full\Application\Home\Controller\IndexController.class.php 第 16 行.
NOTIC: [8] Undefined variable: parent_id E:\xiaoyu\month5\day6\thinkphp_3.2.3_full\Application\Home\Controller\IndexController.class.php 第 20 行.
NOTIC: [8] Undefined variable: parent_id E:\xiaoyu\month5\day6\thinkphp_3.2.3_full\Application\Home\Controller\IndexController.class.php 第 20 行.
NOTIC: [8] Undefined variable: tmp E:\xiaoyu\month5\day6\thinkphp_3.2.3_full\Application\Home\Controller\IndexController.class.php 第 22 行.
NOTIC: [8] Undefined variable: tmp E:\xiaoyu\month5\day6\thinkphp_3.2.3_full\Application\Home\Controller\IndexController.class.php 第 24 行.
NOTIC: [8] Undefined variable: parent_id E:\xiaoyu\month5\day6\thinkphp_3.2.3_full\Application\Home\Controller\IndexController.class.php 第 20 行.
NOTIC: [8] Undefined variable: parent_id E:\xiaoyu\month5\day6\thinkphp_3.2.3_full\Application\Home\Controller\IndexController.class.php 第 20 行.
NOTIC: [8] Undefined variable: parent_id E:\xiaoyu\month5\day6\thinkphp_3.2.3_full\Application\Home\Controller\IndexController.class.php 第 20 行.
NOTIC: [8] Undefined variable: parent_id E:\xiaoyu\month5\day6\thinkphp_3.2.3_full\Application\Home\Controller\IndexController.class.php 第 20 行.
NOTIC: [8] Undefined variable: tmp E:\xiaoyu\month5\day6\thinkphp_3.2.3_full\Application\Home\Controller\IndexController.class.php 第 22 行.
NOTIC: [8] Undefined variable: tmp E:\xiaoyu\month5\day6\thinkphp_3.2.3_full\Application\Home\Controller\IndexController.class.php 第 24 行.
NOTIC: [8] Undefined variable: parent_id E:\xiaoyu\month5\day6\thinkphp_3.2.3_full\Application\Home\Controller\IndexController.class.php 第 20 行.
NOTIC: [8] Undefined variable: parent_id E:\xiaoyu\month5\day6\thinkphp_3.2.3_full\Application\Home\Controller\IndexController.class.php 第 20 行.
NOTIC: [8] Undefined variable: parent_id E:\xiaoyu\month5\day6\thinkphp_3.2.3_full\Application\Home\Controller\IndexController.class.php 第 20 行.
INFO: [ view_parse ] --START--
INFO: [ template_filter ] --START--
INFO: Run Behavior\ContentReplaceBehavior [ RunTime:0.000047s ]
INFO: [ template_filter ] --END-- [ RunTime:0.000141s ]
INFO: Run Behavior\ParseTemplateBehavior [ RunTime:0.005573s ]
INFO: [ view_parse ] --END-- [ RunTime:0.005645s ]
INFO: [ view_filter ] --START--
INFO: Run Behavior\WriteHtmlCacheBehavior [ RunTime:0.000246s ]
INFO: [ view_filter ] --END-- [ RunTime:0.000291s ]
INFO: [ app_end ] --START--
INFO: Run Behavior\ShowPageTraceBehavior [ RunTime:0.000444s ]
INFO: [ app_end ] --END-- [ RunTime:0.000493s ]

[ 2017-07-18T21:20:30+08:00 ] 127.0.0.1 /month5/day6/thinkphp_3.2.3_full/index.php/Home/Index/index
INFO: [ app_init ] --START--
INFO: Run Behavior\BuildLiteBehavior [ RunTime:0.000014s ]
INFO: [ app_init ] --END-- [ RunTime:0.000376s ]
INFO: [ app_begin ] --START--
INFO: Run Behavior\ReadHtmlCacheBehavior [ RunTime:0.000413s ]
INFO: [ app_begin ] --END-- [ RunTime:0.000489s ]
SQL: SHOW COLUMNS FROM `priviller` [ RunTime:0.0340s ]
SQL: SELECT * FROM `priviller`  [ RunTime:0.0005s ]
NOTIC: [2] Missing argument 2 for Home\Controller\IndexController::getList(), called in E:\xiaoyu\month5\day6\thinkphp_3.2.3_full\Application\Home\Controller\IndexController.class.php on line 10 and defined E:\xiaoyu\month5\day6\thinkphp_3.2.3_full\Application\Home\Controller\IndexController.class.php 第 16 行.
NOTIC: [2] Missing argument 3 for Home\Controller\IndexController::getList(), called in E:\xiaoyu\month5\day6\thinkphp_3.2.3_full\Application\Home\Controller\IndexController.class.php on line 10 and defined E:\xiaoyu\month5\day6\thinkphp_3.2.3_full\Application\Home\Controller\IndexController.class.php 第 16 行.
NOTIC: [8] Undefined variable: parent_id E:\xiaoyu\month5\day6\thinkphp_3.2.3_full\Application\Home\Controller\IndexController.class.php 第 20 行.
NOTIC: [8] Undefined variable: parent_id E:\xiaoyu\month5\day6\thinkphp_3.2.3_full\Application\Home\Controller\IndexController.class.php 第 20 行.
NOTIC: [8] Undefined variable: tmp E:\xiaoyu\month5\day6\thinkphp_3.2.3_full\Application\Home\Controller\IndexController.class.php 第 22 行.
NOTIC: [8] Undefined variable: tmp E:\xiaoyu\month5\day6\thinkphp_3.2.3_full\Application\Home\Controller\IndexController.class.php 第 24 行.
NOTIC: [8] Undefined variable: parent_id E:\xiaoyu\month5\day6\thinkphp_3.2.3_full\Application\Home\Controller\IndexController.class.php 第 20 行.
NOTIC: [8] Undefined variable: parent_id E:\xiaoyu\month5\day6\thinkphp_3.2.3_full\Application\Home\Controller\IndexController.class.php 第 20 行.
NOTIC: [8] Undefined variable: parent_id E:\xiaoyu\month5\day6\thinkphp_3.2.3_full\Application\Home\Controller\IndexController.class.php 第 20 行.
NOTIC: [8] Undefined variable: parent_id E:\xiaoyu\month5\day6\thinkphp_3.2.3_full\Application\Home\Controller\IndexController.class.php 第 20 行.
NOTIC: [8] Undefined variable: tmp E:\xiaoyu\month5\day6\thinkphp_3.2.3_full\Application\Home\Controller\IndexController.class.php 第 22 行.
NOTIC: [8] Undefined variable: tmp E:\xiaoyu\month5\day6\thinkphp_3.2.3_full\Application\Home\Controller\IndexController.class.php 第 24 行.
NOTIC: [8] Undefined variable: parent_id E:\xiaoyu\month5\day6\thinkphp_3.2.3_full\Application\Home\Controller\IndexController.class.php 第 20 行.
NOTIC: [8] Undefined variable: parent_id E:\xiaoyu\month5\day6\thinkphp_3.2.3_full\Application\Home\Controller\IndexController.class.php 第 20 行.
NOTIC: [8] Undefined variable: parent_id E:\xiaoyu\month5\day6\thinkphp_3.2.3_full\Application\Home\Controller\IndexController.class.php 第 20 行.
INFO: [ view_parse ] --START--
INFO: [ template_filter ] --START--
INFO: Run Behavior\ContentReplaceBehavior [ RunTime:0.000039s ]
INFO: [ template_filter ] --END-- [ RunTime:0.000089s ]
INFO: Run Behavior\ParseTemplateBehavior [ RunTime:0.005457s ]
INFO: [ view_parse ] --END-- [ RunTime:0.005514s ]
INFO: [ view_filter ] --START--
INFO: Run Behavior\WriteHtmlCacheBehavior [ RunTime:0.000253s ]
INFO: [ view_filter ] --END-- [ RunTime:0.000302s ]
INFO: [ app_end ] --START--
INFO: Run Behavior\ShowPageTraceBehavior [ RunTime:0.000431s ]
INFO: [ app_end ] --END-- [ RunTime:0.000480s ]

[ 2017-07-18T21:20:30+08:00 ] 127.0.0.1 /month5/day6/thinkphp_3.2.3_full/index.php/Home/Index/index
INFO: [ app_init ] --START--
INFO: Run Behavior\BuildLiteBehavior [ RunTime:0.000012s ]
INFO: [ app_init ] --END-- [ RunTime:0.000307s ]
INFO: [ app_begin ] --START--
INFO: Run Behavior\ReadHtmlCacheBehavior [ RunTime:0.000450s ]
INFO: [ app_begin ] --END-- [ RunTime:0.000519s ]
SQL: SHOW COLUMNS FROM `priviller` [ RunTime:0.0085s ]
SQL: SELECT * FROM `priviller`  [ RunTime:0.0005s ]
NOTIC: [2] Missing argument 2 for Home\Controller\IndexController::getList(), called in E:\xiaoyu\month5\day6\thinkphp_3.2.3_full\Application\Home\Controller\IndexController.class.php on line 10 and defined E:\xiaoyu\month5\day6\thinkphp_3.2.3_full\Application\Home\Controller\IndexController.class.php 第 16 行.
NOTIC: [2] Missing argument 3 for Home\Controller\IndexController::getList(), called in E:\xiaoyu\month5\day6\thinkphp_3.2.3_full\Application\Home\Controller\IndexController.class.php on line 10 and defined E:\xiaoyu\month5\day6\thinkphp_3.2.3_full\Application\Home\Controller\IndexController.class.php 第 16 行.
NOTIC: [8] Undefined variable: parent_id E:\xiaoyu\month5\day6\thinkphp_3.2.3_full\Application\Home\Controller\IndexController.class.php 第 20 行.
NOTIC: [8] Undefined variable: parent_id E:\xiaoyu\month5\day6\thinkphp_3.2.3_full\Application\Home\Controller\IndexController.class.php 第 20 行.
NOTIC: [8] Undefined variable: tmp E:\xiaoyu\month5\day6\thinkphp_3.2.3_full\Application\Home\Controller\IndexController.class.php 第 22 行.
NOTIC: [8] Undefined variable: tmp E:\xiaoyu\month5\day6\thinkphp_3.2.3_full\Application\Home\Controller\IndexController.class.php 第 24 行.
NOTIC: [8] Undefined variable: parent_id E:\xiaoyu\month5\day6\thinkphp_3.2.3_full\Application\Home\Controller\IndexController.class.php 第 20 行.
NOTIC: [8] Undefined variable: parent_id E:\xiaoyu\month5\day6\thinkphp_3.2.3_full\Application\Home\Controller\IndexController.class.php 第 20 行.
NOTIC: [8] Undefined variable: parent_id E:\xiaoyu\month5\day6\thinkphp_3.2.3_full\Application\Home\Controller\IndexController.class.php 第 20 行.
NOTIC: [8] Undefined variable: parent_id E:\xiaoyu\month5\day6\thinkphp_3.2.3_full\Application\Home\Controller\IndexController.class.php 第 20 行.
NOTIC: [8] Undefined variable: tmp E:\xiaoyu\month5\day6\thinkphp_3.2.3_full\Application\Home\Controller\IndexController.class.php 第 22 行.
NOTIC: [8] Undefined variable: tmp E:\xiaoyu\month5\day6\thinkphp_3.2.3_full\Application\Home\Controller\IndexController.class.php 第 24 行.
NOTIC: [8] Undefined variable: parent_id E:\xiaoyu\month5\day6\thinkphp_3.2.3_full\Application\Home\Controller\IndexController.class.php 第 20 行.
NOTIC: [8] Undefined variable: parent_id E:\xiaoyu\month5\day6\thinkphp_3.2.3_full\Application\Home\Controller\IndexController.class.php 第 20 行.
NOTIC: [8] Undefined variable: parent_id E:\xiaoyu\month5\day6\thinkphp_3.2.3_full\Application\Home\Controller\IndexController.class.php 第 20 行.
INFO: [ view_parse ] --START--
INFO: [ template_filter ] --START--
INFO: Run Behavior\ContentReplaceBehavior [ RunTime:0.000041s ]
INFO: [ template_filter ] --END-- [ RunTime:0.000094s ]
INFO: Run Behavior\ParseTemplateBehavior [ RunTime:0.005647s ]
INFO: [ view_parse ] --END-- [ RunTime:0.005704s ]
INFO: [ view_filter ] --START--
INFO: Run Behavior\WriteHtmlCacheBehavior [ RunTime:0.000242s ]
INFO: [ view_filter ] --END-- [ RunTime:0.000285s ]
INFO: [ app_end ] --START--
INFO: Run Behavior\ShowPageTraceBehavior [ RunTime:0.000446s ]
INFO: [ app_end ] --END-- [ RunTime:0.000494s ]

[ 2017-07-18T21:21:13+08:00 ] 127.0.0.1 /month5/day6/thinkphp_3.2.3_full/index.php/Home/Index/index
INFO: [ app_init ] --START--
INFO: Run Behavior\BuildLiteBehavior [ RunTime:0.000014s ]
INFO: [ app_init ] --END-- [ RunTime:0.000379s ]
INFO: [ app_begin ] --START--
INFO: Run Behavior\ReadHtmlCacheBehavior [ RunTime:0.000551s ]
INFO: [ app_begin ] --END-- [ RunTime:0.000605s ]
SQL: SHOW COLUMNS FROM `priviller` [ RunTime:0.0094s ]
SQL: SELECT * FROM `priviller`  [ RunTime:0.0005s ]
NOTIC: [2] Missing argument 2 for Home\Controller\IndexController::getList(), called in E:\xiaoyu\month5\day6\thinkphp_3.2.3_full\Application\Home\Controller\IndexController.class.php on line 10 and defined E:\xiaoyu\month5\day6\thinkphp_3.2.3_full\Application\Home\Controller\IndexController.class.php 第 16 行.
NOTIC: [2] Missing argument 3 for Home\Controller\IndexController::getList(), called in E:\xiaoyu\month5\day6\thinkphp_3.2.3_full\Application\Home\Controller\IndexController.class.php on line 10 and defined E:\xiaoyu\month5\day6\thinkphp_3.2.3_full\Application\Home\Controller\IndexController.class.php 第 16 行.
NOTIC: [8] Undefined variable: parent_id E:\xiaoyu\month5\day6\thinkphp_3.2.3_full\Application\Home\Controller\IndexController.class.php 第 20 行.
NOTIC: [8] Undefined variable: parent_id E:\xiaoyu\month5\day6\thinkphp_3.2.3_full\Application\Home\Controller\IndexController.class.php 第 20 行.
NOTIC: [8] Undefined variable: tmp E:\xiaoyu\month5\day6\thinkphp_3.2.3_full\Application\Home\Controller\IndexController.class.php 第 22 行.
NOTIC: [8] Undefined variable: tmp E:\xiaoyu\month5\day6\thinkphp_3.2.3_full\Application\Home\Controller\IndexController.class.php 第 24 行.
NOTIC: [8] Undefined variable: parent_id E:\xiaoyu\month5\day6\thinkphp_3.2.3_full\Application\Home\Controller\IndexController.class.php 第 20 行.
NOTIC: [8] Undefined variable: parent_id E:\xiaoyu\month5\day6\thinkphp_3.2.3_full\Application\Home\Controller\IndexController.class.php 第 20 行.
NOTIC: [8] Undefined variable: parent_id E:\xiaoyu\month5\day6\thinkphp_3.2.3_full\Application\Home\Controller\IndexController.class.php 第 20 行.
NOTIC: [8] Undefined variable: parent_id E:\xiaoyu\month5\day6\thinkphp_3.2.3_full\Application\Home\Controller\IndexController.class.php 第 20 行.
NOTIC: [8] Undefined variable: tmp E:\xiaoyu\month5\day6\thinkphp_3.2.3_full\Application\Home\Controller\IndexController.class.php 第 22 行.
NOTIC: [8] Undefined variable: tmp E:\xiaoyu\month5\day6\thinkphp_3.2.3_full\Application\Home\Controller\IndexController.class.php 第 24 行.
NOTIC: [8] Undefined variable: parent_id E:\xiaoyu\month5\day6\thinkphp_3.2.3_full\Application\Home\Controller\IndexController.class.php 第 20 行.
NOTIC: [8] Undefined variable: parent_id E:\xiaoyu\month5\day6\thinkphp_3.2.3_full\Application\Home\Controller\IndexController.class.php 第 20 行.
NOTIC: [8] Undefined variable: parent_id E:\xiaoyu\month5\day6\thinkphp_3.2.3_full\Application\Home\Controller\IndexController.class.php 第 20 行.
INFO: [ view_parse ] --START--
INFO: [ template_filter ] --START--
INFO: Run Behavior\ContentReplaceBehavior [ RunTime:0.000040s ]
INFO: [ template_filter ] --END-- [ RunTime:0.000091s ]
INFO: Run Behavior\ParseTemplateBehavior [ RunTime:0.005361s ]
INFO: [ view_parse ] --END-- [ RunTime:0.005440s ]
INFO: [ view_filter ] --START--
INFO: Run Behavior\WriteHtmlCacheBehavior [ RunTime:0.000231s ]
INFO: [ view_filter ] --END-- [ RunTime:0.000273s ]
INFO: [ app_end ] --START--
INFO: Run Behavior\ShowPageTraceBehavior [ RunTime:0.000897s ]
INFO: [ app_end ] --END-- [ RunTime:0.000998s ]

[ 2017-07-18T21:26:24+08:00 ] 127.0.0.1 /month5/day6/thinkphp_3.2.3_full/index.php/Home/Index/index
INFO: [ app_init ] --START--
INFO: Run Behavior\BuildLiteBehavior [ RunTime:0.000014s ]
INFO: [ app_init ] --END-- [ RunTime:0.000402s ]
INFO: [ app_begin ] --START--
INFO: Run Behavior\ReadHtmlCacheBehavior [ RunTime:0.000698s ]
INFO: [ app_begin ] --END-- [ RunTime:0.000761s ]
SQL: SHOW COLUMNS FROM `priviller` [ RunTime:0.0097s ]
SQL: SELECT * FROM `priviller`  [ RunTime:0.0005s ]
NOTIC: [2] Missing argument 2 for Home\Controller\IndexController::getList(), called in E:\xiaoyu\month5\day6\thinkphp_3.2.3_full\Application\Home\Controller\IndexController.class.php on line 11 and defined E:\xiaoyu\month5\day6\thinkphp_3.2.3_full\Application\Home\Controller\IndexController.class.php 第 17 行.
NOTIC: [2] Missing argument 3 for Home\Controller\IndexController::getList(), called in E:\xiaoyu\month5\day6\thinkphp_3.2.3_full\Application\Home\Controller\IndexController.class.php on line 11 and defined E:\xiaoyu\month5\day6\thinkphp_3.2.3_full\Application\Home\Controller\IndexController.class.php 第 17 行.
NOTIC: [8] Undefined variable: parent_id E:\xiaoyu\month5\day6\thinkphp_3.2.3_full\Application\Home\Controller\IndexController.class.php 第 21 行.
NOTIC: [8] Undefined variable: parent_id E:\xiaoyu\month5\day6\thinkphp_3.2.3_full\Application\Home\Controller\IndexController.class.php 第 21 行.
NOTIC: [8] Undefined variable: tmp E:\xiaoyu\month5\day6\thinkphp_3.2.3_full\Application\Home\Controller\IndexController.class.php 第 23 行.
NOTIC: [8] Undefined variable: tmp E:\xiaoyu\month5\day6\thinkphp_3.2.3_full\Application\Home\Controller\IndexController.class.php 第 27 行.
NOTIC: [8] Undefined variable: parent_id E:\xiaoyu\month5\day6\thinkphp_3.2.3_full\Application\Home\Controller\IndexController.class.php 第 21 行.
NOTIC: [8] Undefined variable: parent_id E:\xiaoyu\month5\day6\thinkphp_3.2.3_full\Application\Home\Controller\IndexController.class.php 第 21 行.
NOTIC: [8] Undefined variable: parent_id E:\xiaoyu\month5\day6\thinkphp_3.2.3_full\Application\Home\Controller\IndexController.class.php 第 21 行.
NOTIC: [8] Undefined variable: parent_id E:\xiaoyu\month5\day6\thinkphp_3.2.3_full\Application\Home\Controller\IndexController.class.php 第 21 行.
NOTIC: [8] Undefined variable: tmp E:\xiaoyu\month5\day6\thinkphp_3.2.3_full\Application\Home\Controller\IndexController.class.php 第 23 行.
NOTIC: [8] Undefined variable: tmp E:\xiaoyu\month5\day6\thinkphp_3.2.3_full\Application\Home\Controller\IndexController.class.php 第 27 行.
NOTIC: [8] Undefined variable: parent_id E:\xiaoyu\month5\day6\thinkphp_3.2.3_full\Application\Home\Controller\IndexController.class.php 第 21 行.
NOTIC: [8] Undefined variable: parent_id E:\xiaoyu\month5\day6\thinkphp_3.2.3_full\Application\Home\Controller\IndexController.class.php 第 21 行.
NOTIC: [8] Undefined variable: parent_id E:\xiaoyu\month5\day6\thinkphp_3.2.3_full\Application\Home\Controller\IndexController.class.php 第 21 行.
INFO: [ view_parse ] --START--
INFO: [ template_filter ] --START--
INFO: Run Behavior\ContentReplaceBehavior [ RunTime:0.000043s ]
INFO: [ template_filter ] --END-- [ RunTime:0.000100s ]
INFO: Run Behavior\ParseTemplateBehavior [ RunTime:0.006818s ]
INFO: [ view_parse ] --END-- [ RunTime:0.006890s ]
INFO: [ view_filter ] --START--
INFO: Run Behavior\WriteHtmlCacheBehavior [ RunTime:0.000367s ]
INFO: [ view_filter ] --END-- [ RunTime:0.000411s ]
INFO: [ app_end ] --START--
INFO: Run Behavior\ShowPageTraceBehavior [ RunTime:0.000555s ]
INFO: [ app_end ] --END-- [ RunTime:0.000603s ]

[ 2017-07-18T21:26:24+08:00 ] 127.0.0.1 /month5/day6/thinkphp_3.2.3_full/index.php/Home/Index/index
INFO: [ app_init ] --START--
INFO: Run Behavior\BuildLiteBehavior [ RunTime:0.000013s ]
INFO: [ app_init ] --END-- [ RunTime:0.000321s ]
INFO: [ app_begin ] --START--
INFO: Run Behavior\ReadHtmlCacheBehavior [ RunTime:0.000520s ]
INFO: [ app_begin ] --END-- [ RunTime:0.000589s ]
SQL: SHOW COLUMNS FROM `priviller` [ RunTime:0.0172s ]
SQL: SELECT * FROM `priviller`  [ RunTime:0.0004s ]
NOTIC: [2] Missing argument 2 for Home\Controller\IndexController::getList(), called in E:\xiaoyu\month5\day6\thinkphp_3.2.3_full\Application\Home\Controller\IndexController.class.php on line 11 and defined E:\xiaoyu\month5\day6\thinkphp_3.2.3_full\Application\Home\Controller\IndexController.class.php 第 17 行.
NOTIC: [2] Missing argument 3 for Home\Controller\IndexController::getList(), called in E:\xiaoyu\month5\day6\thinkphp_3.2.3_full\Application\Home\Controller\IndexController.class.php on line 11 and defined E:\xiaoyu\month5\day6\thinkphp_3.2.3_full\Application\Home\Controller\IndexController.class.php 第 17 行.
NOTIC: [8] Undefined variable: parent_id E:\xiaoyu\month5\day6\thinkphp_3.2.3_full\Application\Home\Controller\IndexController.class.php 第 21 行.
NOTIC: [8] Undefined variable: parent_id E:\xiaoyu\month5\day6\thinkphp_3.2.3_full\Application\Home\Controller\IndexController.class.php 第 21 行.
NOTIC: [8] Undefined variable: tmp E:\xiaoyu\month5\day6\thinkphp_3.2.3_full\Application\Home\Controller\IndexController.class.php 第 23 行.
NOTIC: [8] Undefined variable: tmp E:\xiaoyu\month5\day6\thinkphp_3.2.3_full\Application\Home\Controller\IndexController.class.php 第 27 行.
NOTIC: [8] Undefined variable: parent_id E:\xiaoyu\month5\day6\thinkphp_3.2.3_full\Application\Home\Controller\IndexController.class.php 第 21 行.
NOTIC: [8] Undefined variable: parent_id E:\xiaoyu\month5\day6\thinkphp_3.2.3_full\Application\Home\Controller\IndexController.class.php 第 21 行.
NOTIC: [8] Undefined variable: parent_id E:\xiaoyu\month5\day6\thinkphp_3.2.3_full\Application\Home\Controller\IndexController.class.php 第 21 行.
NOTIC: [8] Undefined variable: parent_id E:\xiaoyu\month5\day6\thinkphp_3.2.3_full\Application\Home\Controller\IndexController.class.php 第 21 行.
NOTIC: [8] Undefined variable: tmp E:\xiaoyu\month5\day6\thinkphp_3.2.3_full\Application\Home\Controller\IndexController.class.php 第 23 行.
NOTIC: [8] Undefined variable: tmp E:\xiaoyu\month5\day6\thinkphp_3.2.3_full\Application\Home\Controller\IndexController.class.php 第 27 行.
NOTIC: [8] Undefined variable: parent_id E:\xiaoyu\month5\day6\thinkphp_3.2.3_full\Application\Home\Controller\IndexController.class.php 第 21 行.
NOTIC: [8] Undefined variable: parent_id E:\xiaoyu\month5\day6\thinkphp_3.2.3_full\Application\Home\Controller\IndexController.class.php 第 21 行.
NOTIC: [8] Undefined variable: parent_id E:\xiaoyu\month5\day6\thinkphp_3.2.3_full\Application\Home\Controller\IndexController.class.php 第 21 行.
INFO: [ view_parse ] --START--
INFO: [ template_filter ] --START--
INFO: Run Behavior\ContentReplaceBehavior [ RunTime:0.000041s ]
INFO: [ template_filter ] --END-- [ RunTime:0.000096s ]
INFO: Run Behavior\ParseTemplateBehavior [ RunTime:0.005750s ]
INFO: [ view_parse ] --END-- [ RunTime:0.005807s ]
INFO: [ view_filter ] --START--
INFO: Run Behavior\WriteHtmlCacheBehavior [ RunTime:0.000242s ]
INFO: [ view_filter ] --END-- [ RunTime:0.000286s ]
INFO: [ app_end ] --START--
INFO: Run Behavior\ShowPageTraceBehavior [ RunTime:0.000551s ]
INFO: [ app_end ] --END-- [ RunTime:0.000608s ]

[ 2017-07-18T21:26:25+08:00 ] 127.0.0.1 /month5/day6/thinkphp_3.2.3_full/index.php/Home/Index/index
INFO: [ app_init ] --START--
INFO: Run Behavior\BuildLiteBehavior [ RunTime:0.000015s ]
INFO: [ app_init ] --END-- [ RunTime:0.000404s ]
INFO: [ app_begin ] --START--
INFO: Run Behavior\ReadHtmlCacheBehavior [ RunTime:0.000721s ]
INFO: [ app_begin ] --END-- [ RunTime:0.000808s ]
SQL: SHOW COLUMNS FROM `priviller` [ RunTime:0.0151s ]
SQL: SELECT * FROM `priviller`  [ RunTime:0.0005s ]
NOTIC: [2] Missing argument 2 for Home\Controller\IndexController::getList(), called in E:\xiaoyu\month5\day6\thinkphp_3.2.3_full\Application\Home\Controller\IndexController.class.php on line 11 and defined E:\xiaoyu\month5\day6\thinkphp_3.2.3_full\Application\Home\Controller\IndexController.class.php 第 17 行.
NOTIC: [2] Missing argument 3 for Home\Controller\IndexController::getList(), called in E:\xiaoyu\month5\day6\thinkphp_3.2.3_full\Application\Home\Controller\IndexController.class.php on line 11 and defined E:\xiaoyu\month5\day6\thinkphp_3.2.3_full\Application\Home\Controller\IndexController.class.php 第 17 行.
NOTIC: [8] Undefined variable: parent_id E:\xiaoyu\month5\day6\thinkphp_3.2.3_full\Application\Home\Controller\IndexController.class.php 第 21 行.
NOTIC: [8] Undefined variable: parent_id E:\xiaoyu\month5\day6\thinkphp_3.2.3_full\Application\Home\Controller\IndexController.class.php 第 21 行.
NOTIC: [8] Undefined variable: tmp E:\xiaoyu\month5\day6\thinkphp_3.2.3_full\Application\Home\Controller\IndexController.class.php 第 23 行.
NOTIC: [8] Undefined variable: tmp E:\xiaoyu\month5\day6\thinkphp_3.2.3_full\Application\Home\Controller\IndexController.class.php 第 27 行.
NOTIC: [8] Undefined variable: parent_id E:\xiaoyu\month5\day6\thinkphp_3.2.3_full\Application\Home\Controller\IndexController.class.php 第 21 行.
NOTIC: [8] Undefined variable: parent_id E:\xiaoyu\month5\day6\thinkphp_3.2.3_full\Application\Home\Controller\IndexController.class.php 第 21 行.
NOTIC: [8] Undefined variable: parent_id E:\xiaoyu\month5\day6\thinkphp_3.2.3_full\Application\Home\Controller\IndexController.class.php 第 21 行.
NOTIC: [8] Undefined variable: parent_id E:\xiaoyu\month5\day6\thinkphp_3.2.3_full\Application\Home\Controller\IndexController.class.php 第 21 行.
NOTIC: [8] Undefined variable: tmp E:\xiaoyu\month5\day6\thinkphp_3.2.3_full\Application\Home\Controller\IndexController.class.php 第 23 行.
NOTIC: [8] Undefined variable: tmp E:\xiaoyu\month5\day6\thinkphp_3.2.3_full\Application\Home\Controller\IndexController.class.php 第 27 行.
NOTIC: [8] Undefined variable: parent_id E:\xiaoyu\month5\day6\thinkphp_3.2.3_full\Application\Home\Controller\IndexController.class.php 第 21 行.
NOTIC: [8] Undefined variable: parent_id E:\xiaoyu\month5\day6\thinkphp_3.2.3_full\Application\Home\Controller\IndexController.class.php 第 21 行.
NOTIC: [8] Undefined variable: parent_id E:\xiaoyu\month5\day6\thinkphp_3.2.3_full\Application\Home\Controller\IndexController.class.php 第 21 行.
INFO: [ view_parse ] --START--
INFO: [ template_filter ] --START--
INFO: Run Behavior\ContentReplaceBehavior [ RunTime:0.000040s ]
INFO: [ template_filter ] --END-- [ RunTime:0.000096s ]
INFO: Run Behavior\ParseTemplateBehavior [ RunTime:0.006390s ]
INFO: [ view_parse ] --END-- [ RunTime:0.006450s ]
INFO: [ view_filter ] --START--
INFO: Run Behavior\WriteHtmlCacheBehavior [ RunTime:0.000242s ]
INFO: [ view_filter ] --END-- [ RunTime:0.000285s ]
INFO: [ app_end ] --START--
INFO: Run Behavior\ShowPageTraceBehavior [ RunTime:0.000466s ]
INFO: [ app_end ] --END-- [ RunTime:0.000514s ]

[ 2017-07-18T21:26:25+08:00 ] 127.0.0.1 /month5/day6/thinkphp_3.2.3_full/index.php/Home/Index/index
INFO: [ app_init ] --START--
INFO: Run Behavior\BuildLiteBehavior [ RunTime:0.000015s ]
INFO: [ app_init ] --END-- [ RunTime:0.000350s ]
INFO: [ app_begin ] --START--
INFO: Run Behavior\ReadHtmlCacheBehavior [ RunTime:0.000641s ]
INFO: [ app_begin ] --END-- [ RunTime:0.000718s ]
SQL: SHOW COLUMNS FROM `priviller` [ RunTime:0.0145s ]
SQL: SELECT * FROM `priviller`  [ RunTime:0.0006s ]
NOTIC: [2] Missing argument 2 for Home\Controller\IndexController::getList(), called in E:\xiaoyu\month5\day6\thinkphp_3.2.3_full\Application\Home\Controller\IndexController.class.php on line 11 and defined E:\xiaoyu\month5\day6\thinkphp_3.2.3_full\Application\Home\Controller\IndexController.class.php 第 17 行.
NOTIC: [2] Missing argument 3 for Home\Controller\IndexController::getList(), called in E:\xiaoyu\month5\day6\thinkphp_3.2.3_full\Application\Home\Controller\IndexController.class.php on line 11 and defined E:\xiaoyu\month5\day6\thinkphp_3.2.3_full\Application\Home\Controller\IndexController.class.php 第 17 行.
NOTIC: [8] Undefined variable: parent_id E:\xiaoyu\month5\day6\thinkphp_3.2.3_full\Application\Home\Controller\IndexController.class.php 第 21 行.
NOTIC: [8] Undefined variable: parent_id E:\xiaoyu\month5\day6\thinkphp_3.2.3_full\Application\Home\Controller\IndexController.class.php 第 21 行.
NOTIC: [8] Undefined variable: tmp E:\xiaoyu\month5\day6\thinkphp_3.2.3_full\Application\Home\Controller\IndexController.class.php 第 23 行.
NOTIC: [8] Undefined variable: tmp E:\xiaoyu\month5\day6\thinkphp_3.2.3_full\Application\Home\Controller\IndexController.class.php 第 27 行.
NOTIC: [8] Undefined variable: parent_id E:\xiaoyu\month5\day6\thinkphp_3.2.3_full\Application\Home\Controller\IndexController.class.php 第 21 行.
NOTIC: [8] Undefined variable: parent_id E:\xiaoyu\month5\day6\thinkphp_3.2.3_full\Application\Home\Controller\IndexController.class.php 第 21 行.
NOTIC: [8] Undefined variable: parent_id E:\xiaoyu\month5\day6\thinkphp_3.2.3_full\Application\Home\Controller\IndexController.class.php 第 21 行.
NOTIC: [8] Undefined variable: parent_id E:\xiaoyu\month5\day6\thinkphp_3.2.3_full\Application\Home\Controller\IndexController.class.php 第 21 行.
NOTIC: [8] Undefined variable: tmp E:\xiaoyu\month5\day6\thinkphp_3.2.3_full\Application\Home\Controller\IndexController.class.php 第 23 行.
NOTIC: [8] Undefined variable: tmp E:\xiaoyu\month5\day6\thinkphp_3.2.3_full\Application\Home\Controller\IndexController.class.php 第 27 行.
NOTIC: [8] Undefined variable: parent_id E:\xiaoyu\month5\day6\thinkphp_3.2.3_full\Application\Home\Controller\IndexController.class.php 第 21 行.
NOTIC: [8] Undefined variable: parent_id E:\xiaoyu\month5\day6\thinkphp_3.2.3_full\Application\Home\Controller\IndexController.class.php 第 21 行.
NOTIC: [8] Undefined variable: parent_id E:\xiaoyu\month5\day6\thinkphp_3.2.3_full\Application\Home\Controller\IndexController.class.php 第 21 行.
INFO: [ view_parse ] --START--
INFO: [ template_filter ] --START--
INFO: Run Behavior\ContentReplaceBehavior [ RunTime:0.000039s ]
INFO: [ template_filter ] --END-- [ RunTime:0.000092s ]
INFO: Run Behavior\ParseTemplateBehavior [ RunTime:0.005768s ]
INFO: [ view_parse ] --END-- [ RunTime:0.005861s ]
INFO: [ view_filter ] --START--
INFO: Run Behavior\WriteHtmlCacheBehavior [ RunTime:0.000249s ]
INFO: [ view_filter ] --END-- [ RunTime:0.000293s ]
INFO: [ app_end ] --START--
INFO: Run Behavior\ShowPageTraceBehavior [ RunTime:0.000418s ]
INFO: [ app_end ] --END-- [ RunTime:0.000465s ]

[ 2017-07-18T21:26:25+08:00 ] 127.0.0.1 /month5/day6/thinkphp_3.2.3_full/index.php/Home/Index/index
INFO: [ app_init ] --START--
INFO: Run Behavior\BuildLiteBehavior [ RunTime:0.000012s ]
INFO: [ app_init ] --END-- [ RunTime:0.000311s ]
INFO: [ app_begin ] --START--
INFO: Run Behavior\ReadHtmlCacheBehavior [ RunTime:0.000702s ]
INFO: [ app_begin ] --END-- [ RunTime:0.000789s ]
SQL: SHOW COLUMNS FROM `priviller` [ RunTime:0.0310s ]
SQL: SELECT * FROM `priviller`  [ RunTime:0.0005s ]
NOTIC: [2] Missing argument 2 for Home\Controller\IndexController::getList(), called in E:\xiaoyu\month5\day6\thinkphp_3.2.3_full\Application\Home\Controller\IndexController.class.php on line 11 and defined E:\xiaoyu\month5\day6\thinkphp_3.2.3_full\Application\Home\Controller\IndexController.class.php 第 17 行.
NOTIC: [2] Missing argument 3 for Home\Controller\IndexController::getList(), called in E:\xiaoyu\month5\day6\thinkphp_3.2.3_full\Application\Home\Controller\IndexController.class.php on line 11 and defined E:\xiaoyu\month5\day6\thinkphp_3.2.3_full\Application\Home\Controller\IndexController.class.php 第 17 行.
NOTIC: [8] Undefined variable: parent_id E:\xiaoyu\month5\day6\thinkphp_3.2.3_full\Application\Home\Controller\IndexController.class.php 第 21 行.
NOTIC: [8] Undefined variable: parent_id E:\xiaoyu\month5\day6\thinkphp_3.2.3_full\Application\Home\Controller\IndexController.class.php 第 21 行.
NOTIC: [8] Undefined variable: tmp E:\xiaoyu\month5\day6\thinkphp_3.2.3_full\Application\Home\Controller\IndexController.class.php 第 23 行.
NOTIC: [8] Undefined variable: tmp E:\xiaoyu\month5\day6\thinkphp_3.2.3_full\Application\Home\Controller\IndexController.class.php 第 27 行.
NOTIC: [8] Undefined variable: parent_id E:\xiaoyu\month5\day6\thinkphp_3.2.3_full\Application\Home\Controller\IndexController.class.php 第 21 行.
NOTIC: [8] Undefined variable: parent_id E:\xiaoyu\month5\day6\thinkphp_3.2.3_full\Application\Home\Controller\IndexController.class.php 第 21 行.
NOTIC: [8] Undefined variable: parent_id E:\xiaoyu\month5\day6\thinkphp_3.2.3_full\Application\Home\Controller\IndexController.class.php 第 21 行.
NOTIC: [8] Undefined variable: parent_id E:\xiaoyu\month5\day6\thinkphp_3.2.3_full\Application\Home\Controller\IndexController.class.php 第 21 行.
NOTIC: [8] Undefined variable: tmp E:\xiaoyu\month5\day6\thinkphp_3.2.3_full\Application\Home\Controller\IndexController.class.php 第 23 行.
NOTIC: [8] Undefined variable: tmp E:\xiaoyu\month5\day6\thinkphp_3.2.3_full\Application\Home\Controller\IndexController.class.php 第 27 行.
NOTIC: [8] Undefined variable: parent_id E:\xiaoyu\month5\day6\thinkphp_3.2.3_full\Application\Home\Controller\IndexController.class.php 第 21 行.
NOTIC: [8] Undefined variable: parent_id E:\xiaoyu\month5\day6\thinkphp_3.2.3_full\Application\Home\Controller\IndexController.class.php 第 21 行.
NOTIC: [8] Undefined variable: parent_id E:\xiaoyu\month5\day6\thinkphp_3.2.3_full\Application\Home\Controller\IndexController.class.php 第 21 行.
INFO: [ view_parse ] --START--
INFO: [ template_filter ] --START--
INFO: Run Behavior\ContentReplaceBehavior [ RunTime:0.000039s ]
INFO: [ template_filter ] --END-- [ RunTime:0.000089s ]
INFO: Run Behavior\ParseTemplateBehavior [ RunTime:0.005897s ]
INFO: [ view_parse ] --END-- [ RunTime:0.005970s ]
INFO: [ view_filter ] --START--
INFO: Run Behavior\WriteHtmlCacheBehavior [ RunTime:0.000297s ]
INFO: [ view_filter ] --END-- [ RunTime:0.000350s ]
INFO: [ app_end ] --START--
INFO: Run Behavior\ShowPageTraceBehavior [ RunTime:0.000506s ]
INFO: [ app_end ] --END-- [ RunTime:0.000565s ]

