[ 2017-07-26T20:40:06+08:00 ] 127.0.0.1 /month5/day6/thinkphp_3.2.3_full/
INFO: [ app_init ] --START--
INFO: Run Behavior\BuildLiteBehavior [ RunTime:0.000021s ]
INFO: [ app_init ] --END-- [ RunTime:0.000766s ]
INFO: [ app_begin ] --START--
INFO: Run Behavior\ReadHtmlCacheBehavior [ RunTime:0.001590s ]
INFO: [ app_begin ] --END-- [ RunTime:0.001700s ]
SQL: SHOW COLUMNS FROM `priviller` [ RunTime:0.0490s ]
SQL: SELECT * FROM `priviller`  [ RunTime:0.0005s ]
NOTIC: [2] Missing argument 2 for Home\Controller\IndexController::getList(), called in E:\xiaoyu\month5\day6\thinkphp_3.2.3_full\Application\Home\Controller\IndexController.class.php on line 11 and defined E:\xiaoyu\month5\day6\thinkphp_3.2.3_full\Application\Home\Controller\IndexController.class.php 第 17 行.
NOTIC: [2] Missing argument 3 for Home\Controller\IndexController::getList(), called in E:\xiaoyu\month5\day6\thinkphp_3.2.3_full\Application\Home\Controller\IndexController.class.php on line 11 and defined E:\xiaoyu\month5\day6\thinkphp_3.2.3_full\Application\Home\Controller\IndexController.class.php 第 17 行.
NOTIC: [8] Undefined variable: parent_id E:\xiaoyu\month5\day6\thinkphp_3.2.3_full\Application\Home\Controller\IndexController.class.php 第 21 行.
NOTIC: [8] Undefined variable: parent_id E:\xiaoyu\month5\day6\thinkphp_3.2.3_full\Application\Home\Controller\IndexController.class.php 第 21 行.
NOTIC: [8] Undefined variable: tmp E:\xiaoyu\month5\day6\thinkphp_3.2.3_full\Application\Home\Controller\IndexController.class.php 第 23 行.
NOTIC: [8] Undefined variable: tmp E:\xiaoyu\month5\day6\thinkphp_3.2.3_full\Application\Home\Controller\IndexController.class.php 第 27 行.
NOTIC: [8] Undefined variable: parent_id E:\xiaoyu\month5\day6\thinkphp_3.2.3_full\Application\Home\Controller\IndexController.class.php 第 21 行.
NOTIC: [8] Undefined variable: parent_id E:\xiaoyu\month5\day6\thinkphp_3.2.3_full\Application\Home\Controller\IndexController.class.php 第 21 行.
NOTIC: [8] Undefined variable: parent_id E:\xiaoyu\month5\day6\thinkphp_3.2.3_full\Application\Home\Controller\IndexController.class.php 第 21 行.
NOTIC: [8] Undefined variable: parent_id E:\xiaoyu\month5\day6\thinkphp_3.2.3_full\Application\Home\Controller\IndexController.class.php 第 21 行.
NOTIC: [8] Undefined variable: tmp E:\xiaoyu\month5\day6\thinkphp_3.2.3_full\Application\Home\Controller\IndexController.class.php 第 23 行.
NOTIC: [8] Undefined variable: tmp E:\xiaoyu\month5\day6\thinkphp_3.2.3_full\Application\Home\Controller\IndexController.class.php 第 27 行.
NOTIC: [8] Undefined variable: parent_id E:\xiaoyu\month5\day6\thinkphp_3.2.3_full\Application\Home\Controller\IndexController.class.php 第 21 行.
NOTIC: [8] Undefined variable: parent_id E:\xiaoyu\month5\day6\thinkphp_3.2.3_full\Application\Home\Controller\IndexController.class.php 第 21 行.
NOTIC: [8] Undefined variable: parent_id E:\xiaoyu\month5\day6\thinkphp_3.2.3_full\Application\Home\Controller\IndexController.class.php 第 21 行.
NOTIC: [8] Undefined variable: parent_id E:\xiaoyu\month5\day6\thinkphp_3.2.3_full\Application\Home\Controller\IndexController.class.php 第 21 行.
NOTIC: [8] Undefined variable: parent_id E:\xiaoyu\month5\day6\thinkphp_3.2.3_full\Application\Home\Controller\IndexController.class.php 第 21 行.
NOTIC: [8] Undefined variable: tmp E:\xiaoyu\month5\day6\thinkphp_3.2.3_full\Application\Home\Controller\IndexController.class.php 第 23 行.
NOTIC: [8] Undefined variable: tmp E:\xiaoyu\month5\day6\thinkphp_3.2.3_full\Application\Home\Controller\IndexController.class.php 第 27 行.
NOTIC: [8] Undefined variable: parent_id E:\xiaoyu\month5\day6\thinkphp_3.2.3_full\Application\Home\Controller\IndexController.class.php 第 21 行.
NOTIC: [8] Undefined variable: parent_id E:\xiaoyu\month5\day6\thinkphp_3.2.3_full\Application\Home\Controller\IndexController.class.php 第 21 行.
INFO: [ view_parse ] --START--
INFO: [ template_filter ] --START--
INFO: Run Behavior\ContentReplaceBehavior [ RunTime:0.000064s ]
INFO: [ template_filter ] --END-- [ RunTime:0.000159s ]
NOTIC: [8] Undefined index: p_kongzhi E:\xiaoyu\month5\day6\thinkphp_3.2.3_full\Application\Runtime\Cache\Home\2a94b8bda04ff446dcedd42276fc99ee.php 第 20 行.
NOTIC: [8] Undefined index: p_fangfa E:\xiaoyu\month5\day6\thinkphp_3.2.3_full\Application\Runtime\Cache\Home\2a94b8bda04ff446dcedd42276fc99ee.php 第 21 行.
NOTIC: [8] Undefined index: p_kongzhi E:\xiaoyu\month5\day6\thinkphp_3.2.3_full\Application\Runtime\Cache\Home\2a94b8bda04ff446dcedd42276fc99ee.php 第 20 行.
NOTIC: [8] Undefined index: p_fangfa E:\xiaoyu\month5\day6\thinkphp_3.2.3_full\Application\Runtime\Cache\Home\2a94b8bda04ff446dcedd42276fc99ee.php 第 21 行.
NOTIC: [8] Undefined index: p_kongzhi E:\xiaoyu\month5\day6\thinkphp_3.2.3_full\Application\Runtime\Cache\Home\2a94b8bda04ff446dcedd42276fc99ee.php 第 20 行.
NOTIC: [8] Undefined index: p_fangfa E:\xiaoyu\month5\day6\thinkphp_3.2.3_full\Application\Runtime\Cache\Home\2a94b8bda04ff446dcedd42276fc99ee.php 第 21 行.
NOTIC: [8] Undefined index: p_kongzhi E:\xiaoyu\month5\day6\thinkphp_3.2.3_full\Application\Runtime\Cache\Home\2a94b8bda04ff446dcedd42276fc99ee.php 第 20 行.
NOTIC: [8] Undefined index: p_fangfa E:\xiaoyu\month5\day6\thinkphp_3.2.3_full\Application\Runtime\Cache\Home\2a94b8bda04ff446dcedd42276fc99ee.php 第 21 行.
NOTIC: [8] Undefined index: p_kongzhi E:\xiaoyu\month5\day6\thinkphp_3.2.3_full\Application\Runtime\Cache\Home\2a94b8bda04ff446dcedd42276fc99ee.php 第 20 行.
NOTIC: [8] Undefined index: p_fangfa E:\xiaoyu\month5\day6\thinkphp_3.2.3_full\Application\Runtime\Cache\Home\2a94b8bda04ff446dcedd42276fc99ee.php 第 21 行.
NOTIC: [8] Undefined index: p_kongzhi E:\xiaoyu\month5\day6\thinkphp_3.2.3_full\Application\Runtime\Cache\Home\2a94b8bda04ff446dcedd42276fc99ee.php 第 20 行.
NOTIC: [8] Undefined index: p_fangfa E:\xiaoyu\month5\day6\thinkphp_3.2.3_full\Application\Runtime\Cache\Home\2a94b8bda04ff446dcedd42276fc99ee.php 第 21 行.
NOTIC: [8] Undefined index: p_kongzhi E:\xiaoyu\month5\day6\thinkphp_3.2.3_full\Application\Runtime\Cache\Home\2a94b8bda04ff446dcedd42276fc99ee.php 第 20 行.
NOTIC: [8] Undefined index: p_fangfa E:\xiaoyu\month5\day6\thinkphp_3.2.3_full\Application\Runtime\Cache\Home\2a94b8bda04ff446dcedd42276fc99ee.php 第 21 行.
NOTIC: [8] Undefined index: p_kongzhi E:\xiaoyu\month5\day6\thinkphp_3.2.3_full\Application\Runtime\Cache\Home\2a94b8bda04ff446dcedd42276fc99ee.php 第 20 行.
NOTIC: [8] Undefined index: p_fangfa E:\xiaoyu\month5\day6\thinkphp_3.2.3_full\Application\Runtime\Cache\Home\2a94b8bda04ff446dcedd42276fc99ee.php 第 21 行.
NOTIC: [8] Undefined index: p_kongzhi E:\xiaoyu\month5\day6\thinkphp_3.2.3_full\Application\Runtime\Cache\Home\2a94b8bda04ff446dcedd42276fc99ee.php 第 20 行.
NOTIC: [8] Undefined index: p_fangfa E:\xiaoyu\month5\day6\thinkphp_3.2.3_full\Application\Runtime\Cache\Home\2a94b8bda04ff446dcedd42276fc99ee.php 第 21 行.
NOTIC: [8] Undefined index: p_kongzhi E:\xiaoyu\month5\day6\thinkphp_3.2.3_full\Application\Runtime\Cache\Home\2a94b8bda04ff446dcedd42276fc99ee.php 第 20 行.
NOTIC: [8] Undefined index: p_fangfa E:\xiaoyu\month5\day6\thinkphp_3.2.3_full\Application\Runtime\Cache\Home\2a94b8bda04ff446dcedd42276fc99ee.php 第 21 行.
NOTIC: [8] Undefined index: p_kongzhi E:\xiaoyu\month5\day6\thinkphp_3.2.3_full\Application\Runtime\Cache\Home\2a94b8bda04ff446dcedd42276fc99ee.php 第 20 行.
NOTIC: [8] Undefined index: p_fangfa E:\xiaoyu\month5\day6\thinkphp_3.2.3_full\Application\Runtime\Cache\Home\2a94b8bda04ff446dcedd42276fc99ee.php 第 21 行.
NOTIC: [8] Undefined index: p_kongzhi E:\xiaoyu\month5\day6\thinkphp_3.2.3_full\Application\Runtime\Cache\Home\2a94b8bda04ff446dcedd42276fc99ee.php 第 20 行.
NOTIC: [8] Undefined index: p_fangfa E:\xiaoyu\month5\day6\thinkphp_3.2.3_full\Application\Runtime\Cache\Home\2a94b8bda04ff446dcedd42276fc99ee.php 第 21 行.
NOTIC: [8] Undefined index: p_kongzhi E:\xiaoyu\month5\day6\thinkphp_3.2.3_full\Application\Runtime\Cache\Home\2a94b8bda04ff446dcedd42276fc99ee.php 第 20 行.
NOTIC: [8] Undefined index: p_fangfa E:\xiaoyu\month5\day6\thinkphp_3.2.3_full\Application\Runtime\Cache\Home\2a94b8bda04ff446dcedd42276fc99ee.php 第 21 行.
INFO: Run Behavior\ParseTemplateBehavior [ RunTime:0.031751s ]
INFO: [ view_parse ] --END-- [ RunTime:0.031808s ]
INFO: [ view_filter ] --START--
INFO: Run Behavior\WriteHtmlCacheBehavior [ RunTime:0.005196s ]
INFO: [ view_filter ] --END-- [ RunTime:0.005290s ]
INFO: [ app_end ] --START--
INFO: Run Behavior\ShowPageTraceBehavior [ RunTime:0.007403s ]
INFO: [ app_end ] --END-- [ RunTime:0.007559s ]

