[ 2018-10-15T09:37:26+08:00 ] 127.0.0.1 /wenxian/img/logo.png
INFO: [ app_init ] --START--
INFO: Run Behavior\BuildLiteBehavior [ RunTime:0.000000s ]
INFO: [ app_init ] --END-- [ RunTime:0.002000s ]
ERR: 无法加载模块:Img

[ 2018-10-15T09:37:26+08:00 ] 127.0.0.1 /wenxian/js/swiper.min.js
INFO: [ app_init ] --START--
INFO: Run Behavior\BuildLiteBehavior [ RunTime:0.000000s ]
INFO: [ app_init ] --END-- [ RunTime:0.002000s ]
ERR: 无法加载模块:Js

[ 2018-10-15T09:37:26+08:00 ] 127.0.0.1 /wenxian/img/1_05.png
INFO: [ app_init ] --START--
INFO: Run Behavior\BuildLiteBehavior [ RunTime:0.000000s ]
INFO: [ app_init ] --END-- [ RunTime:0.002000s ]
ERR: 无法加载模块:Img

[ 2018-10-15T09:37:26+08:00 ] 127.0.0.1 /wenxian/img/1_06.png
INFO: [ app_init ] --START--
INFO: Run Behavior\BuildLiteBehavior [ RunTime:0.000000s ]
INFO: [ app_init ] --END-- [ RunTime:0.001000s ]
ERR: 无法加载模块:Img

[ 2018-10-15T09:37:26+08:00 ] 127.0.0.1 /wenxian/css/style.css
INFO: [ app_init ] --START--
INFO: Run Behavior\BuildLiteBehavior [ RunTime:0.000000s ]
INFO: [ app_init ] --END-- [ RunTime:0.002000s ]
ERR: 无法加载模块:Css

[ 2018-10-15T09:37:26+08:00 ] 127.0.0.1 /wenxian/img/1_17.png
INFO: [ app_init ] --START--
INFO: Run Behavior\BuildLiteBehavior [ RunTime:0.000000s ]
INFO: [ app_init ] --END-- [ RunTime:0.000000s ]
ERR: 无法加载模块:Img

[ 2018-10-15T09:37:26+08:00 ] 127.0.0.1 /wenxian/img/1_14.png
INFO: [ app_init ] --START--
INFO: Run Behavior\BuildLiteBehavior [ RunTime:0.000000s ]
INFO: [ app_init ] --END-- [ RunTime:0.000000s ]
ERR: 无法加载模块:Img

[ 2018-10-15T09:37:26+08:00 ] 127.0.0.1 /wenxian/img/1_07.png
INFO: [ app_init ] --START--
INFO: Run Behavior\BuildLiteBehavior [ RunTime:0.000000s ]
INFO: [ app_init ] --END-- [ RunTime:0.002000s ]
ERR: 无法加载模块:Img

[ 2018-10-15T09:37:26+08:00 ] 127.0.0.1 /wenxian/img/1_20.png
INFO: [ app_init ] --START--
INFO: Run Behavior\BuildLiteBehavior [ RunTime:0.000000s ]
INFO: [ app_init ] --END-- [ RunTime:0.000000s ]
ERR: 无法加载模块:Img

[ 2018-10-15T09:37:26+08:00 ] 127.0.0.1 /wenxian/img/1_45.png
INFO: [ app_init ] --START--
INFO: Run Behavior\BuildLiteBehavior [ RunTime:0.000000s ]
INFO: [ app_init ] --END-- [ RunTime:0.000000s ]
ERR: 无法加载模块:Img

[ 2018-10-15T09:37:26+08:00 ] 127.0.0.1 /wenxian/img/1_10.png
INFO: [ app_init ] --START--
INFO: Run Behavior\BuildLiteBehavior [ RunTime:0.000000s ]
INFO: [ app_init ] --END-- [ RunTime:0.000000s ]
ERR: 无法加载模块:Img

[ 2018-10-15T09:37:26+08:00 ] 127.0.0.1 /wenxian/css/swiper.css
INFO: [ app_init ] --START--
INFO: Run Behavior\BuildLiteBehavior [ RunTime:0.000000s ]
INFO: [ app_init ] --END-- [ RunTime:0.000000s ]
ERR: 无法加载模块:Css

[ 2018-10-15T09:37:26+08:00 ] 127.0.0.1 /wenxian/img/1.jpg
INFO: [ app_init ] --START--
INFO: Run Behavior\BuildLiteBehavior [ RunTime:0.000000s ]
INFO: [ app_init ] --END-- [ RunTime:0.000000s ]
ERR: 无法加载模块:Img

[ 2018-10-15T09:37:26+08:00 ] 127.0.0.1 /wenxian/img/2.jpg
INFO: [ app_init ] --START--
INFO: Run Behavior\BuildLiteBehavior [ RunTime:0.000000s ]
INFO: [ app_init ] --END-- [ RunTime:0.001000s ]
ERR: 无法加载模块:Img

[ 2018-10-15T09:37:26+08:00 ] 127.0.0.1 /wenxian/img/3.jpg
INFO: [ app_init ] --START--
INFO: Run Behavior\BuildLiteBehavior [ RunTime:0.000000s ]
INFO: [ app_init ] --END-- [ RunTime:0.001000s ]
ERR: 无法加载模块:Img

[ 2018-10-15T09:37:26+08:00 ] 127.0.0.1 /wenxian/img/4.png
INFO: [ app_init ] --START--
INFO: Run Behavior\BuildLiteBehavior [ RunTime:0.000000s ]
INFO: [ app_init ] --END-- [ RunTime:0.000000s ]
ERR: 无法加载模块:Img

[ 2018-10-15T09:37:26+08:00 ] 127.0.0.1 /wenxian/img/5.jpg
INFO: [ app_init ] --START--
INFO: Run Behavior\BuildLiteBehavior [ RunTime:0.000000s ]
INFO: [ app_init ] --END-- [ RunTime:0.001000s ]
ERR: 无法加载模块:Img

[ 2018-10-15T09:37:26+08:00 ] 127.0.0.1 /wenxian/img/1_32.png
INFO: [ app_init ] --START--
INFO: Run Behavior\BuildLiteBehavior [ RunTime:0.000000s ]
INFO: [ app_init ] --END-- [ RunTime:0.001000s ]
ERR: 无法加载模块:Img

[ 2018-10-15T09:37:26+08:00 ] 127.0.0.1 /wenxian/img/1_38.png
INFO: [ app_init ] --START--
INFO: Run Behavior\BuildLiteBehavior [ RunTime:0.000000s ]
INFO: [ app_init ] --END-- [ RunTime:0.000000s ]
ERR: 无法加载模块:Img

[ 2018-10-15T09:37:26+08:00 ] 127.0.0.1 /wenxian/img/1_44.png
INFO: [ app_init ] --START--
INFO: Run Behavior\BuildLiteBehavior [ RunTime:0.000000s ]
INFO: [ app_init ] --END-- [ RunTime:0.001000s ]
ERR: 无法加载模块:Img

[ 2018-10-15T09:37:26+08:00 ] 127.0.0.1 /wenxian/img/1_35.png
INFO: [ app_init ] --START--
INFO: Run Behavior\BuildLiteBehavior [ RunTime:0.000000s ]
INFO: [ app_init ] --END-- [ RunTime:0.001000s ]
ERR: 无法加载模块:Img

[ 2018-10-15T09:37:26+08:00 ] 127.0.0.1 /wenxian/img/1_40.png
INFO: [ app_init ] --START--
INFO: Run Behavior\BuildLiteBehavior [ RunTime:0.000000s ]
INFO: [ app_init ] --END-- [ RunTime:0.000000s ]
ERR: 无法加载模块:Img

[ 2018-10-15T09:37:26+08:00 ] 127.0.0.1 /wenxian/img/QR.jpg
INFO: [ app_init ] --START--
INFO: Run Behavior\BuildLiteBehavior [ RunTime:0.000000s ]
INFO: [ app_init ] --END-- [ RunTime:0.000000s ]
ERR: 无法加载模块:Img

[ 2018-10-15T09:37:26+08:00 ] 127.0.0.1 /wenxian/img/1.jpg1_28.png
INFO: [ app_init ] --START--
INFO: Run Behavior\BuildLiteBehavior [ RunTime:0.000000s ]
INFO: [ app_init ] --END-- [ RunTime:0.000000s ]
ERR: 无法加载模块:Img

[ 2018-10-15T09:37:26+08:00 ] 127.0.0.1 /wenxian/js/swiper.min.js
INFO: [ app_init ] --START--
INFO: Run Behavior\BuildLiteBehavior [ RunTime:0.000000s ]
INFO: [ app_init ] --END-- [ RunTime:0.000000s ]
ERR: 无法加载模块:Js

